TTLocalizer: Running in language: English
OTPLocalizer: Running in language: English
Preloading suits...
Preloading Toon heads...
Preloading avatars...
{401000001: <toontown.distributed.ToontownDistrict.ToontownDistrict instance at 0x197317B0>}
__handleAvatarChooserDone: 100000015, 'Cranky Supertoon', ('bls', 'md', 'm', 'f', (0.78, 0.23, 0.75, 1.0), (1.0, 1.0, 1.0, 1.0), (0.78, 0.23, 0.75, 1.0), (0.78, 0.23, 0.75, 1.0), 7, 6, 7, 6, 4, 6), 4
entered wait for zone redirect
entered wait for set zone response - 2
Reading DNA file... phase_4/dna/storage.pdna
Reading DNA file... phase_3.5/dna/storage_interior.pdna
Reading DNA file... phase_6/dna/storage_DD.pdna
Reading DNA file... phase_6/dna/storage_DD_sz.pdna
Reading DNA file... phase_6/dna/donalds_dock_sz.pdna
entered wait for zone redirect
entered wait for set zone response - 2
Reading DNA file... phase_5/dna/storage_town.pdna
Reading DNA file... phase_6/dna/storage_DD_town.pdna
Reading DNA file... phase_6/dna/donalds_dock_1300.pdna
entered wait for zone redirect
entered wait for set zone response - 2
Reading DNA file... phase_6/dna/storage_DD_sz.pdna
Reading DNA file... phase_6/dna/donalds_dock_sz.pdna
entered wait for zone redirect
entered wait for set zone response - 2
entered wait for zone redirect
entered wait for set zone response - 2
entered wait for zone redirect
entered wait for set zone response - 2
Reading DNA file... phase_5/dna/storage_town.pdna
Reading DNA file... phase_6/dna/storage_DD_town.pdna
Reading DNA file... phase_6/dna/donalds_dock_1400.pdna
entered wait for zone redirect
entered wait for set zone response - 2
entered wait for zone redirect
entered wait for set zone response - 2
entered wait for zone redirect
entered wait for set zone response - 2
Reading DNA file... phase_6/dna/storage_DD_sz.pdna
Reading DNA file... phase_6/dna/donalds_dock_sz.pdna
entered wait for zone redirect
entered wait for set zone response - 2
Reading DNA file... phase_5/dna/storage_town.pdna
Reading DNA file... phase_6/dna/storage_DD_town.pdna
Reading DNA file... phase_6/dna/donalds_dock_1200.pdna
entered wait for zone redirect
entered wait for set zone response - 2
Reading DNA file... phase_4/dna/storage.pdna
Reading DNA file... phase_3.5/dna/storage_interior.pdna
Reading DNA file... phase_6/dna/storage_MM.pdna
Reading DNA file... phase_5/dna/storage_town.pdna
Reading DNA file... phase_6/dna/storage_MM_town.pdna
Reading DNA file... phase_6/dna/minnies_melody_land_4100.pdna
Traceback (most recent call last):
  File "C:\Users\Adam\Documents\GitHub\Toontown-2\dependencies\panda\Panda3D-1.10.0-x64\direct\distributed\ConnectionRepository.py", line 613, in readerPollUntilEmpty
    while self.readerPollOnce():
  File "C:\Users\Adam\Documents\GitHub\Toontown-2\dependencies\panda\Panda3D-1.10.0-x64\direct\distributed\ConnectionRepository.py", line 620, in readerPollOnce
    self.handleDatagram(self.private__di)
  File "otp\distributed\OTPClientRepository.py", line 1224, in handleDatagram
    self.handler(msgType, di)
  File "toontown\hood\QuietZoneState.py", line 153, in handleWaitForQuietZoneResponse
    base.cr.handlePlayGame(msgType, di)
  File "otp\distributed\OTPClientRepository.py", line 1026, in handlePlayGame
    self.handleMessageType(msgType, di)
  File "otp\distributed\OTPClientRepository.py", line 1164, in handleMessageType
    self.gotInterestDoneMessage(di)
  File "otp\distributed\OTPClientRepository.py", line 1190, in gotInterestDoneMessage
    self.handleInterestDoneMessage(di)
  File "C:\Users\Adam\Documents\GitHub\Toontown-2\dependencies\panda\Panda3D-1.10.0-x64\direct\distributed\DoInterestManager.py", line 618, in handleInterestDoneMessage
    messenger.send(event)
  File "C:\Users\Adam\Documents\GitHub\Toontown-2\dependencies\panda\Panda3D-1.10.0-x64\direct\showbase\Messenger.py", line 326, in send
    self.__dispatch(acceptorDict, event, sentArgs, foundWatch)
  File "C:\Users\Adam\Documents\GitHub\Toontown-2\dependencies\panda\Panda3D-1.10.0-x64\direct\showbase\Messenger.py", line 411, in __dispatch
    method (*(extraArgs + sentArgs))
  File "toontown\distributed\ToontownClientRepository.py", line 835, in _handleEmuSetZoneDone
    messenger.send(event)
  File "C:\Users\Adam\Documents\GitHub\Toontown-2\dependencies\panda\Panda3D-1.10.0-x64\direct\showbase\Messenger.py", line 326, in send
    self.__dispatch(acceptorDict, event, sentArgs, foundWatch)
  File "C:\Users\Adam\Documents\GitHub\Toontown-2\dependencies\panda\Panda3D-1.10.0-x64\direct\showbase\Messenger.py", line 411, in __dispatch
    method (*(extraArgs + sentArgs))
  File "toontown\hood\QuietZoneState.py", line 196, in _handleQuietZoneComplete
    self.fsm.request('waitForZoneRedirect')
  File "C:\Users\Adam\Documents\GitHub\Toontown-2\dependencies\panda\Panda3D-1.10.0-x64\direct\fsm\ClassicFSM.py", line 284, in request
    exitArgList)
  File "C:\Users\Adam\Documents\GitHub\Toontown-2\dependencies\panda\Panda3D-1.10.0-x64\direct\fsm\ClassicFSM.py", line 231, in __transition
    self.__enter(aState, enterArgList)
  File "C:\Users\Adam\Documents\GitHub\Toontown-2\dependencies\panda\Panda3D-1.10.0-x64\direct\fsm\ClassicFSM.py", line 217, in __enter
    aState.enter(argList)
  File "C:\Users\Adam\Documents\GitHub\Toontown-2\dependencies\panda\Panda3D-1.10.0-x64\direct\fsm\State.py", line 202, in enter
    apply(self.__enterFunc, argList)
  File "toontown\hood\QuietZoneState.py", line 216, in enterWaitForZoneRedirect
    self.fsm.request('waitForSetZoneResponse')
  File "C:\Users\Adam\Documents\GitHub\Toontown-2\dependencies\panda\Panda3D-1.10.0-x64\direct\fsm\ClassicFSM.py", line 284, in request
    exitArgList)
  File "C:\Users\Adam\Documents\GitHub\Toontown-2\dependencies\panda\Panda3D-1.10.0-x64\direct\fsm\ClassicFSM.py", line 231, in __transition
    self.__enter(aState, enterArgList)
  File "C:\Users\Adam\Documents\GitHub\Toontown-2\dependencies\panda\Panda3D-1.10.0-x64\direct\fsm\ClassicFSM.py", line 217, in __enter
    aState.enter(argList)
  File "C:\Users\Adam\Documents\GitHub\Toontown-2\dependencies\panda\Panda3D-1.10.0-x64\direct\fsm\State.py", line 202, in enter
    apply(self.__enterFunc, argList)
  File "toontown\hood\QuietZoneState.py", line 243, in enterWaitForSetZoneResponse
    self.fsm.request('waitForSetZoneComplete')
  File "C:\Users\Adam\Documents\GitHub\Toontown-2\dependencies\panda\Panda3D-1.10.0-x64\direct\fsm\ClassicFSM.py", line 284, in request
    exitArgList)
  File "C:\Users\Adam\Documents\GitHub\Toontown-2\dependencies\panda\Panda3D-1.10.0-x64\direct\fsm\ClassicFSM.py", line 231, in __transition
    self.__enter(aState, enterArgList)
  File "C:\Users\Adam\Documents\GitHub\Toontown-2\dependencies\panda\Panda3D-1.10.0-x64\direct\fsm\ClassicFSM.py", line 217, in __enter
    aState.enter(argList)
  File "C:\Users\Adam\Documents\GitHub\Toontown-2\dependencies\panda\Panda3D-1.10.0-x64\direct\fsm\State.py", line 202, in enter
    apply(self.__enterFunc, argList)
  File "toontown\hood\QuietZoneState.py", line 281, in enterWaitForSetZoneComplete
    messenger.send(self.getQuietZoneLeftEvent())
  File "C:\Users\Adam\Documents\GitHub\Toontown-2\dependencies\panda\Panda3D-1.10.0-x64\direct\showbase\Messenger.py", line 326, in send
    self.__dispatch(acceptorDict, event, sentArgs, foundWatch)
  File "C:\Users\Adam\Documents\GitHub\Toontown-2\dependencies\panda\Panda3D-1.10.0-x64\direct\showbase\Messenger.py", line 411, in __dispatch
    method (*(extraArgs + sentArgs))
  File "toontown\distributed\PlayGame.py", line 284, in handleLeftQuietZone
    self.fsm.request(hoodState, [status])
  File "C:\Users\Adam\Documents\GitHub\Toontown-2\dependencies\panda\Panda3D-1.10.0-x64\direct\fsm\ClassicFSM.py", line 284, in request
    exitArgList)
  File "C:\Users\Adam\Documents\GitHub\Toontown-2\dependencies\panda\Panda3D-1.10.0-x64\direct\fsm\ClassicFSM.py", line 231, in __transition
    self.__enter(aState, enterArgList)
  File "C:\Users\Adam\Documents\GitHub\Toontown-2\dependencies\panda\Panda3D-1.10.0-x64\direct\fsm\ClassicFSM.py", line 217, in __enter
    aState.enter(argList)
  File "C:\Users\Adam\Documents\GitHub\Toontown-2\dependencies\panda\Panda3D-1.10.0-x64\direct\fsm\State.py", line 202, in enter
    apply(self.__enterFunc, argList)
  File "toontown\distributed\PlayGame.py", line 312, in enterMMHood
    self.hood.enter(requestStatus)
  File "toontown\hood\Hood.py", line 42, in enter
    self.fsm.request(requestStatus['loader'], [requestStatus])
  File "C:\Users\Adam\Documents\GitHub\Toontown-2\dependencies\panda\Panda3D-1.10.0-x64\direct\fsm\ClassicFSM.py", line 284, in request
    exitArgList)
  File "C:\Users\Adam\Documents\GitHub\Toontown-2\dependencies\panda\Panda3D-1.10.0-x64\direct\fsm\ClassicFSM.py", line 231, in __transition
    self.__enter(aState, enterArgList)
  File "C:\Users\Adam\Documents\GitHub\Toontown-2\dependencies\panda\Panda3D-1.10.0-x64\direct\fsm\ClassicFSM.py", line 217, in __enter
    aState.enter(argList)
  File "C:\Users\Adam\Documents\GitHub\Toontown-2\dependencies\panda\Panda3D-1.10.0-x64\direct\fsm\State.py", line 202, in enter
    apply(self.__enterFunc, argList)
  File "toontown\hood\ToonHood.py", line 85, in enterTownLoader
    self.loader.enter(requestStatus)
  File "toontown\town\TownLoader.py", line 97, in enter
    self.setState(requestStatus['where'], requestStatus)
  File "toontown\town\TownLoader.py", line 103, in setState
    self.fsm.request(stateName, [requestStatus])
  File "C:\Users\Adam\Documents\GitHub\Toontown-2\dependencies\panda\Panda3D-1.10.0-x64\direct\fsm\ClassicFSM.py", line 284, in request
    exitArgList)
  File "C:\Users\Adam\Documents\GitHub\Toontown-2\dependencies\panda\Panda3D-1.10.0-x64\direct\fsm\ClassicFSM.py", line 231, in __transition
    self.__enter(aState, enterArgList)
  File "C:\Users\Adam\Documents\GitHub\Toontown-2\dependencies\panda\Panda3D-1.10.0-x64\direct\fsm\ClassicFSM.py", line 217, in __enter
    aState.enter(argList)
  File "C:\Users\Adam\Documents\GitHub\Toontown-2\dependencies\panda\Panda3D-1.10.0-x64\direct\fsm\State.py", line 202, in enter
    apply(self.__enterFunc, argList)
  File "toontown\town\TownLoader.py", line 117, in enterStreet
    self.place.enter(requestStatus)
  File "toontown\town\Street.py", line 129, in enter
    self.fsm.request(requestStatus['how'], [requestStatus])
  File "C:\Users\Adam\Documents\GitHub\Toontown-2\dependencies\panda\Panda3D-1.10.0-x64\direct\fsm\ClassicFSM.py", line 284, in request
    exitArgList)
  File "C:\Users\Adam\Documents\GitHub\Toontown-2\dependencies\panda\Panda3D-1.10.0-x64\direct\fsm\ClassicFSM.py", line 231, in __transition
    self.__enter(aState, enterArgList)
  File "C:\Users\Adam\Documents\GitHub\Toontown-2\dependencies\panda\Panda3D-1.10.0-x64\direct\fsm\ClassicFSM.py", line 217, in __enter
    aState.enter(argList)
  File "C:\Users\Adam\Documents\GitHub\Toontown-2\dependencies\panda\Panda3D-1.10.0-x64\direct\fsm\State.py", line 202, in enter
    apply(self.__enterFunc, argList)
  File "toontown\town\Street.py", line 218, in enterTunnelIn
    BattlePlace.BattlePlace.enterTunnelIn(self, requestStatus)
  File "toontown\hood\Place.py", line 468, in enterTunnelIn
    base.localAvatar.tunnelIn(tunnelOrigin)
  File "toontown\toon\LocalToon.py", line 443, in tunnelIn
    self.b_setTunnelIn(self.tunnelX * 0.8, tunnelOrigin)
  File "toontown\toon\DistributedToon.py", line 604, in b_setTunnelIn
    pos = tunnelOrigin.getPos(render)
AssertionError: !is_empty() at line 1680 of panda/src/pgraph/nodePath.cxx
Traceback (most recent call last):
  File "C:\Users\Adam\Documents\GitHub\Toontown-2\toontown\toonbase\ToontownStart.py", line 198, in <module>
    base.run()
  File "otp\otpbase\OTPBase.py", line 48, in run
    self.destroy()
  File "C:\Users\Adam\Documents\GitHub\Toontown-2\dependencies\panda\Panda3D-1.10.0-x64\direct\showbase\ShowBase.py", line 514, in destroy
    self.loader.destroy()
  File "toontown\toonbase\ToontownLoader.py", line 18, in destroy
    self.loadingScreen.destroy()
  File "toontown\toontowngui\ToontownLoadingScreen.py", line 71, in destroy
    self.toon.delete()
  File "toontown\toon\Toon.py", line 559, in delete
    Avatar.Avatar.delete(self)
  File "otp\avatar\Avatar.py", line 82, in delete
    self.nametag.destroy()
  File "otp\nametag\NametagGroup.py", line 58, in destroy
    taskMgr.remove(self.tickTask)
NameError: global name 'taskMgr' is not defined
