TTLocalizer: Running in language: English
OTPLocalizer: Running in language: English
Preloading suits...
Preloading Toon heads...
Preloading avatars...
{401000001: <toontown.distributed.ToontownDistrict.ToontownDistrict instance at 0x1AB2A7B0>}
__handleAvatarChooserDone: 100000015, 'Cranky Supertoon', ('bls', 'md', 'm', 'f', (0.78, 0.23, 0.75, 1.0), (1.0, 1.0, 1.0, 1.0), (0.78, 0.23, 0.75, 1.0), (0.78, 0.23, 0.75, 1.0), 7, 6, 7, 6, 4, 6), 4
entered wait for zone redirect
entered wait for set zone response - 2
Reading DNA file... phase_4/dna/storage.pdna
Reading DNA file... phase_3.5/dna/storage_interior.pdna
Reading DNA file... phase_4/dna/storage_TT.pdna
Reading DNA file... phase_4/dna/storage_TT_sz.pdna
Reading DNA file... phase_4/dna/toontown_central_sz.pdna
entered wait for zone redirect
entered wait for set zone response - 2
Reading DNA file... phase_5/dna/storage_town.pdna
Reading DNA file... phase_5/dna/storage_TT_town.pdna
Reading DNA file... phase_5/dna/toontown_central_2100.pdna
Traceback (most recent call last):
  File "C:\Users\Adam\Documents\GitHub\Toontown-2\dependencies\panda\Panda3D-1.10.0-x64\direct\distributed\ConnectionRepository.py", line 613, in readerPollUntilEmpty
    while self.readerPollOnce():
  File "C:\Users\Adam\Documents\GitHub\Toontown-2\dependencies\panda\Panda3D-1.10.0-x64\direct\distributed\ConnectionRepository.py", line 620, in readerPollOnce
    self.handleDatagram(self.private__di)
  File "otp\distributed\OTPClientRepository.py", line 1224, in handleDatagram
    self.handler(msgType, di)
  File "otp\distributed\OTPClientRepository.py", line 1026, in handlePlayGame
    self.handleMessageType(msgType, di)
  File "otp\distributed\OTPClientRepository.py", line 1164, in handleMessageType
    self.gotInterestDoneMessage(di)
  File "otp\distributed\OTPClientRepository.py", line 1188, in gotInterestDoneMessage
    self.__playBackGenerates(handle)
  File "otp\distributed\OTPClientRepository.py", line 1300, in __playBackGenerates
    self.__doGenerate(doId, parentId, zoneId, classId, di, other)
  File "otp\distributed\OTPClientRepository.py", line 1346, in __doGenerate
    self.generateWithRequiredFields(dclass, doId, di, parentId, zoneId)
  File "C:\Users\Adam\Documents\GitHub\Toontown-2\dependencies\panda\Panda3D-1.10.0-x64\direct\distributed\ClientRepositoryBase.py", line 265, in generateWithRequiredFields
    distObj.updateRequiredFields(dclass, di)
  File "C:\Users\Adam\Documents\GitHub\Toontown-2\dependencies\panda\Panda3D-1.10.0-x64\direct\distributed\DistributedObject.py", line 337, in updateRequiredFields
    self.announceGenerate()
  File "toontown\building\DistributedDoor.py", line 200, in announceGenerate
    self.doPostAnnounceGenerate()
  File "toontown\building\DistributedDoor.py", line 207, in doPostAnnounceGenerate
    self.bHasFlat = not self.findDoorNode('door*flat', True).isEmpty()
AttributeError: 'NoneType' object has no attribute 'isEmpty'
Traceback (most recent call last):
  File "C:\Users\Adam\Documents\GitHub\Toontown-2\toontown\toonbase\ToontownStart.py", line 198, in <module>
    base.run()
  File "otp\otpbase\OTPBase.py", line 48, in run
    self.destroy()
  File "C:\Users\Adam\Documents\GitHub\Toontown-2\dependencies\panda\Panda3D-1.10.0-x64\direct\showbase\ShowBase.py", line 514, in destroy
    self.loader.destroy()
  File "toontown\toonbase\ToontownLoader.py", line 18, in destroy
    self.loadingScreen.destroy()
  File "toontown\toontowngui\ToontownLoadingScreen.py", line 71, in destroy
    self.toon.delete()
  File "toontown\toon\Toon.py", line 559, in delete
    Avatar.Avatar.delete(self)
  File "otp\avatar\Avatar.py", line 82, in delete
    self.nametag.destroy()
  File "otp\nametag\NametagGroup.py", line 58, in destroy
    taskMgr.remove(self.tickTask)
NameError: global name 'taskMgr' is not defined
