TTLocalizer: Running in language: English
OTPLocalizer: Running in language: English
Preloading suits...
Preloading Toon heads...
Preloading avatars...
{402000001: <toontown.distributed.ToontownDistrict.ToontownDistrict instance at 0x1E28B7B0>, 401000001: <toontown.distributed.ToontownDistrict.ToontownDistrict instance at 0x1E28B5F8>}
__handleAvatarChooserDone: 100000015, 'Cranky Supertoon', ('bls', 'md', 'm', 'f', (0.78, 0.23, 0.75, 1.0), (1.0, 1.0, 1.0, 1.0), (0.78, 0.23, 0.75, 1.0), (0.78, 0.23, 0.75, 1.0), 7, 6, 7, 6, 4, 6), 4
entered wait for zone redirect
entered wait for set zone response - 2
Reading DNA file... phase_4/dna/storage.pdna
Reading DNA file... phase_3.5/dna/storage_interior.pdna
Reading DNA file... phase_6/dna/storage_DD.pdna
Reading DNA file... phase_6/dna/storage_DD_sz.pdna
Reading DNA file... phase_6/dna/donalds_dock_sz.pdna
{402000001: <toontown.distributed.ToontownDistrict.ToontownDistrict instance at 0x1ADC1698>, 401000001: <toontown.distributed.ToontownDistrict.ToontownDistrict instance at 0x1E28B5F8>}
__handleAvatarChooserDone: 100000015, 'Cranky Supertoon', ('bls', 'md', 'm', 'f', (0.78, 0.23, 0.75, 1.0), (1.0, 1.0, 1.0, 1.0), (0.78, 0.23, 0.75, 1.0), (0.78, 0.23, 0.75, 1.0), 7, 6, 7, 6, 4, 6), 4
entered wait for zone redirect
entered wait for set zone response - 2
Reading DNA file... phase_4/dna/storage.pdna
Reading DNA file... phase_3.5/dna/storage_interior.pdna
Reading DNA file... phase_6/dna/storage_DD.pdna
Reading DNA file... phase_6/dna/storage_DD_sz.pdna
Reading DNA file... phase_6/dna/donalds_dock_sz.pdna
entered wait for zone redirect
entered wait for set zone response - 2
{402000001: <toontown.distributed.ToontownDistrict.ToontownDistrict instance at 0x2117D648>}
__handleAvatarChooserDone: 100000015, 'Cranky Supertoon', ('bls', 'md', 'm', 'f', (0.78, 0.23, 0.75, 1.0), (1.0, 1.0, 1.0, 1.0), (0.78, 0.23, 0.75, 1.0), (0.78, 0.23, 0.75, 1.0), 7, 6, 7, 6, 4, 6), 4
Traceback (most recent call last):
  File "C:\Users\Adam\Documents\GitHub\Toontown-2.0\dependencies\panda\Panda3D-1.10.0-x64\direct\distributed\ConnectionRepository.py", line 613, in readerPollUntilEmpty
    while self.readerPollOnce():
  File "C:\Users\Adam\Documents\GitHub\Toontown-2.0\dependencies\panda\Panda3D-1.10.0-x64\direct\distributed\ConnectionRepository.py", line 620, in readerPollOnce
    self.handleDatagram(self.private__di)
  File "otp\distributed\OTPClientRepository.py", line 1224, in handleDatagram
    self.handler(msgType, di)
  File "otp\distributed\OTPClientRepository.py", line 1158, in handleMessageType
    self.handleUpdateField(di)
  File "C:\Users\Adam\Documents\GitHub\Toontown-2.0\dependencies\panda\Panda3D-1.10.0-x64\direct\distributed\ClientRepositoryBase.py", line 438, in handleUpdateField
    self.__doUpdate(doId, di, ovUpdated)
  File "C:\Users\Adam\Documents\GitHub\Toontown-2.0\dependencies\panda\Panda3D-1.10.0-x64\direct\distributed\ClientRepositoryBase.py", line 446, in __doUpdate
    do.dclass.receiveUpdate(do, di)
  File "toontown\friends\TTSFriendsManager.py", line 19, in friendList
    base.cr.handleGetFriendsList(resp)
  File "toontown\distributed\ToontownClientRepository.py", line 724, in handleGetFriendsList
    if base.wantPets and base.localAvatar.hasPet():
AttributeError: ToonBase instance has no attribute 'localAvatar'
Traceback (most recent call last):
  File "C:\Users\Adam\Documents\GitHub\Toontown-2.0\toontown\toonbase\ToontownStart.py", line 198, in <module>
    base.run()
  File "otp\otpbase\OTPBase.py", line 48, in run
    self.destroy()
  File "C:\Users\Adam\Documents\GitHub\Toontown-2.0\dependencies\panda\Panda3D-1.10.0-x64\direct\showbase\ShowBase.py", line 514, in destroy
    self.loader.destroy()
  File "toontown\toonbase\ToontownLoader.py", line 18, in destroy
    self.loadingScreen.destroy()
  File "toontown\toontowngui\ToontownLoadingScreen.py", line 71, in destroy
    self.toon.delete()
  File "toontown\toon\Toon.py", line 559, in delete
    Avatar.Avatar.delete(self)
  File "otp\avatar\Avatar.py", line 82, in delete
    self.nametag.destroy()
  File "otp\nametag\NametagGroup.py", line 58, in destroy
    taskMgr.remove(self.tickTask)
NameError: global name 'taskMgr' is not defined
