{"_time": "2018-07-24 20:10:23Eastern Daylight Time", "type": "log-opened", "sender": "EventLogger", "msg": "Log opened upon Event Logger startup."}
{"_time": "2018-07-24 20:10:35Eastern Daylight Time", "type": "building-toon", "sender": "AIR:401000000", "_1": 401000053, "_2": "2000|18"}
{"_time": "2018-07-24 20:10:35Eastern Daylight Time", "type": "building-toon", "sender": "AIR:401000000", "_1": 401000059, "_2": "2000|14"}
{"_time": "2018-07-24 20:10:35Eastern Daylight Time", "type": "building-toon", "sender": "AIR:401000000", "_1": 401000065, "_2": "2000|16"}
{"_time": "2018-07-24 20:10:35Eastern Daylight Time", "type": "building-toon", "sender": "AIR:401000000", "_1": 401000071, "_2": "2000|21"}
{"_time": "2018-07-24 20:10:35Eastern Daylight Time", "type": "building-toon", "sender": "AIR:401000000", "_1": 401000077, "_2": "2000|13"}
{"_time": "2018-07-24 20:10:35Eastern Daylight Time", "type": "building-toon", "sender": "AIR:401000000", "_1": 401000106, "_2": "2100|1"}
{"_time": "2018-07-24 20:10:35Eastern Daylight Time", "type": "building-toon", "sender": "AIR:401000000", "_1": 401000112, "_2": "2100|2"}
{"_time": "2018-07-24 20:10:35Eastern Daylight Time", "type": "building-toon", "sender": "AIR:401000000", "_1": 401000117, "_2": "2100|3"}
{"_time": "2018-07-24 20:10:35Eastern Daylight Time", "type": "building-toon", "sender": "AIR:401000000", "_1": 401000123, "_2": "2100|4"}
{"_time": "2018-07-24 20:10:35Eastern Daylight Time", "type": "building-toon", "sender": "AIR:401000000", "_1": 401000129, "_2": "2100|5"}
{"_time": "2018-07-24 20:10:35Eastern Daylight Time", "type": "building-toon", "sender": "AIR:401000000", "_1": 401000135, "_2": "2100|6"}
{"_time": "2018-07-24 20:10:35Eastern Daylight Time", "type": "building-toon", "sender": "AIR:401000000", "_1": 401000140, "_2": "2100|7"}
{"_time": "2018-07-24 20:10:35Eastern Daylight Time", "type": "building-toon", "sender": "AIR:401000000", "_1": 401000146, "_2": "2100|10"}
{"_time": "2018-07-24 20:10:35Eastern Daylight Time", "type": "building-toon", "sender": "AIR:401000000", "_1": 401000152, "_2": "2100|11"}
{"_time": "2018-07-24 20:10:35Eastern Daylight Time", "type": "building-toon", "sender": "AIR:401000000", "_1": 401000157, "_2": "2100|16"}
{"_time": "2018-07-24 20:10:35Eastern Daylight Time", "type": "building-toon", "sender": "AIR:401000000", "_1": 401000163, "_2": "2100|18"}
{"_time": "2018-07-24 20:10:35Eastern Daylight Time", "type": "building-toon", "sender": "AIR:401000000", "_1": 401000169, "_2": "2100|17"}
{"_time": "2018-07-24 20:10:35Eastern Daylight Time", "type": "building-toon", "sender": "AIR:401000000", "_1": 401000175, "_2": "2100|21"}
{"_time": "2018-07-24 20:10:35Eastern Daylight Time", "type": "building-toon", "sender": "AIR:401000000", "_1": 401000181, "_2": "2100|24"}
{"_time": "2018-07-24 20:10:35Eastern Daylight Time", "type": "building-toon", "sender": "AIR:401000000", "_1": 401000187, "_2": "2100|25"}
{"_time": "2018-07-24 20:10:35Eastern Daylight Time", "type": "building-toon", "sender": "AIR:401000000", "_1": 401000193, "_2": "2100|26"}
{"_time": "2018-07-24 20:10:35Eastern Daylight Time", "type": "building-toon", "sender": "AIR:401000000", "_1": 401000199, "_2": "2100|29"}
{"_time": "2018-07-24 20:10:35Eastern Daylight Time", "type": "building-toon", "sender": "AIR:401000000", "_1": 401000205, "_2": "2100|32"}
{"_time": "2018-07-24 20:10:35Eastern Daylight Time", "type": "building-toon", "sender": "AIR:401000000", "_1": 401000211, "_2": "2100|33"}
{"_time": "2018-07-24 20:10:35Eastern Daylight Time", "type": "building-toon", "sender": "AIR:401000000", "_1": 401000217, "_2": "2100|38"}
{"_time": "2018-07-24 20:10:35Eastern Daylight Time", "type": "building-toon", "sender": "AIR:401000000", "_1": 401000222, "_2": "2100|57"}
{"_time": "2018-07-24 20:10:35Eastern Daylight Time", "type": "building-toon", "sender": "AIR:401000000", "_1": 401000228, "_2": "2100|39"}
{"_time": "2018-07-24 20:10:35Eastern Daylight Time", "type": "building-toon", "sender": "AIR:401000000", "_1": 401000234, "_2": "2100|43"}
{"_time": "2018-07-24 20:10:35Eastern Daylight Time", "type": "building-toon", "sender": "AIR:401000000", "_1": 401000240, "_2": "2100|44"}
{"_time": "2018-07-24 20:10:35Eastern Daylight Time", "type": "building-toon", "sender": "AIR:401000000", "_1": 401000246, "_2": "2100|49"}
{"_time": "2018-07-24 20:10:35Eastern Daylight Time", "type": "building-toon", "sender": "AIR:401000000", "_1": 401000252, "_2": "2100|60"}
{"_time": "2018-07-24 20:10:35Eastern Daylight Time", "type": "building-toon", "sender": "AIR:401000000", "_1": 401000258, "_2": "2100|52"}
{"_time": "2018-07-24 20:10:35Eastern Daylight Time", "type": "building-toon", "sender": "AIR:401000000", "_1": 401000263, "_2": "2100|53"}
{"_time": "2018-07-24 20:10:35Eastern Daylight Time", "type": "building-toon", "sender": "AIR:401000000", "_1": 401000268, "_2": "2100|55"}
{"_time": "2018-07-24 20:10:35Eastern Daylight Time", "type": "building-toon", "sender": "AIR:401000000", "_1": 401000274, "_2": "2100|54"}
{"_time": "2018-07-24 20:10:35Eastern Daylight Time", "type": "building-toon", "sender": "AIR:401000000", "_1": 401000280, "_2": "2100|56"}
{"_time": "2018-07-24 20:10:35Eastern Daylight Time", "type": "building-toon", "sender": "AIR:401000000", "_1": 401000286, "_2": "2100|59"}
{"_time": "2018-07-24 20:10:35Eastern Daylight Time", "type": "building-toon", "sender": "AIR:401000000", "_1": 401000292, "_2": "2100|61"}
{"_time": "2018-07-24 20:10:35Eastern Daylight Time", "type": "building-toon", "sender": "AIR:401000000", "_1": 401000298, "_2": "2100|67"}
{"_time": "2018-07-24 20:10:35Eastern Daylight Time", "type": "building-toon", "sender": "AIR:401000000", "_1": 401000304, "_2": "2100|63"}
{"_time": "2018-07-24 20:10:35Eastern Daylight Time", "type": "building-toon", "sender": "AIR:401000000", "_1": 401000309, "_2": "2100|62"}
{"_time": "2018-07-24 20:10:35Eastern Daylight Time", "type": "building-toon", "sender": "AIR:401000000", "_1": 401000315, "_2": "2100|64"}
{"_time": "2018-07-24 20:10:35Eastern Daylight Time", "type": "building-toon", "sender": "AIR:401000000", "_1": 401000321, "_2": "2100|66"}
{"_time": "2018-07-24 20:10:35Eastern Daylight Time", "type": "building-toon", "sender": "AIR:401000000", "_1": 401000327, "_2": "2100|65"}
{"_time": "2018-07-24 20:10:35Eastern Daylight Time", "type": "building-toon", "sender": "AIR:401000000", "_1": 401000333, "_2": "2100|69"}
{"_time": "2018-07-24 20:10:35Eastern Daylight Time", "type": "building-toon", "sender": "AIR:401000000", "_1": 401000339, "_2": "2100|70"}
{"_time": "2018-07-24 20:10:35Eastern Daylight Time", "type": "building-toon", "sender": "AIR:401000000", "_1": 401000354, "_2": "2200|1"}
{"_time": "2018-07-24 20:10:35Eastern Daylight Time", "type": "building-toon", "sender": "AIR:401000000", "_1": 401000359, "_2": "2200|4"}
{"_time": "2018-07-24 20:10:35Eastern Daylight Time", "type": "building-toon", "sender": "AIR:401000000", "_1": 401000364, "_2": "2200|5"}
{"_time": "2018-07-24 20:10:35Eastern Daylight Time", "type": "building-toon", "sender": "AIR:401000000", "_1": 401000370, "_2": "2200|8"}
{"_time": "2018-07-24 20:10:35Eastern Daylight Time", "type": "building-toon", "sender": "AIR:401000000", "_1": 401000376, "_2": "2200|43"}
{"_time": "2018-07-24 20:10:35Eastern Daylight Time", "type": "building-toon", "sender": "AIR:401000000", "_1": 401000381, "_2": "2200|44"}
{"_time": "2018-07-24 20:10:35Eastern Daylight Time", "type": "building-toon", "sender": "AIR:401000000", "_1": 401000386, "_2": "2200|11"}
{"_time": "2018-07-24 20:10:35Eastern Daylight Time", "type": "building-toon", "sender": "AIR:401000000", "_1": 401000392, "_2": "2200|12"}
{"_time": "2018-07-24 20:10:35Eastern Daylight Time", "type": "building-toon", "sender": "AIR:401000000", "_1": 401000398, "_2": "2200|13"}
{"_time": "2018-07-24 20:10:35Eastern Daylight Time", "type": "building-toon", "sender": "AIR:401000000", "_1": 401000404, "_2": "2200|14"}
{"_time": "2018-07-24 20:10:35Eastern Daylight Time", "type": "building-toon", "sender": "AIR:401000000", "_1": 401000409, "_2": "2200|16"}
{"_time": "2018-07-24 20:10:35Eastern Daylight Time", "type": "building-toon", "sender": "AIR:401000000", "_1": 401000415, "_2": "2200|48"}
{"_time": "2018-07-24 20:10:35Eastern Daylight Time", "type": "building-toon", "sender": "AIR:401000000", "_1": 401000420, "_2": "2200|17"}
{"_time": "2018-07-24 20:10:35Eastern Daylight Time", "type": "building-toon", "sender": "AIR:401000000", "_1": 401000426, "_2": "2200|20"}
{"_time": "2018-07-24 20:10:35Eastern Daylight Time", "type": "building-toon", "sender": "AIR:401000000", "_1": 401000432, "_2": "2200|39"}
{"_time": "2018-07-24 20:10:35Eastern Daylight Time", "type": "building-toon", "sender": "AIR:401000000", "_1": 401000438, "_2": "2200|25"}
{"_time": "2018-07-24 20:10:35Eastern Daylight Time", "type": "building-toon", "sender": "AIR:401000000", "_1": 401000443, "_2": "2200|27"}
{"_time": "2018-07-24 20:10:35Eastern Daylight Time", "type": "building-toon", "sender": "AIR:401000000", "_1": 401000449, "_2": "2200|28"}
{"_time": "2018-07-24 20:10:35Eastern Daylight Time", "type": "building-toon", "sender": "AIR:401000000", "_1": 401000455, "_2": "2200|30"}
{"_time": "2018-07-24 20:10:35Eastern Daylight Time", "type": "building-toon", "sender": "AIR:401000000", "_1": 401000461, "_2": "2200|29"}
{"_time": "2018-07-24 20:10:35Eastern Daylight Time", "type": "building-toon", "sender": "AIR:401000000", "_1": 401000467, "_2": "2200|31"}
{"_time": "2018-07-24 20:10:35Eastern Daylight Time", "type": "building-toon", "sender": "AIR:401000000", "_1": 401000472, "_2": "2200|32"}
{"_time": "2018-07-24 20:10:35Eastern Daylight Time", "type": "building-toon", "sender": "AIR:401000000", "_1": 401000478, "_2": "2200|33"}
{"_time": "2018-07-24 20:10:35Eastern Daylight Time", "type": "building-toon", "sender": "AIR:401000000", "_1": 401000484, "_2": "2200|34"}
{"_time": "2018-07-24 20:10:35Eastern Daylight Time", "type": "building-toon", "sender": "AIR:401000000", "_1": 401000490, "_2": "2200|35"}
{"_time": "2018-07-24 20:10:35Eastern Daylight Time", "type": "building-toon", "sender": "AIR:401000000", "_1": 401000496, "_2": "2200|47"}
{"_time": "2018-07-24 20:10:35Eastern Daylight Time", "type": "building-toon", "sender": "AIR:401000000", "_1": 401000501, "_2": "2200|41"}
{"_time": "2018-07-24 20:10:35Eastern Daylight Time", "type": "building-toon", "sender": "AIR:401000000", "_1": 401000506, "_2": "2200|40"}
{"_time": "2018-07-24 20:10:35Eastern Daylight Time", "type": "building-toon", "sender": "AIR:401000000", "_1": 401000521, "_2": "2300|1"}
{"_time": "2018-07-24 20:10:35Eastern Daylight Time", "type": "building-toon", "sender": "AIR:401000000", "_1": 401000527, "_2": "2300|2"}
{"_time": "2018-07-24 20:10:35Eastern Daylight Time", "type": "building-toon", "sender": "AIR:401000000", "_1": 401000533, "_2": "2300|3"}
{"_time": "2018-07-24 20:10:35Eastern Daylight Time", "type": "building-toon", "sender": "AIR:401000000", "_1": 401000538, "_2": "2300|4"}
{"_time": "2018-07-24 20:10:35Eastern Daylight Time", "type": "building-toon", "sender": "AIR:401000000", "_1": 401000544, "_2": "2300|39"}
{"_time": "2018-07-24 20:10:35Eastern Daylight Time", "type": "building-toon", "sender": "AIR:401000000", "_1": 401000550, "_2": "2300|41"}
{"_time": "2018-07-24 20:10:35Eastern Daylight Time", "type": "building-toon", "sender": "AIR:401000000", "_1": 401000555, "_2": "2300|37"}
{"_time": "2018-07-24 20:10:35Eastern Daylight Time", "type": "building-toon", "sender": "AIR:401000000", "_1": 401000561, "_2": "2300|9"}
{"_time": "2018-07-24 20:10:35Eastern Daylight Time", "type": "building-toon", "sender": "AIR:401000000", "_1": 401000567, "_2": "2300|14"}
{"_time": "2018-07-24 20:10:35Eastern Daylight Time", "type": "building-toon", "sender": "AIR:401000000", "_1": 401000572, "_2": "2300|36"}
{"_time": "2018-07-24 20:10:35Eastern Daylight Time", "type": "building-toon", "sender": "AIR:401000000", "_1": 401000577, "_2": "2300|5"}
{"_time": "2018-07-24 20:10:35Eastern Daylight Time", "type": "building-toon", "sender": "AIR:401000000", "_1": 401000582, "_2": "2300|34"}
{"_time": "2018-07-24 20:10:35Eastern Daylight Time", "type": "building-toon", "sender": "AIR:401000000", "_1": 401000588, "_2": "2300|29"}
{"_time": "2018-07-24 20:10:35Eastern Daylight Time", "type": "building-toon", "sender": "AIR:401000000", "_1": 401000594, "_2": "2300|30"}
{"_time": "2018-07-24 20:10:35Eastern Daylight Time", "type": "building-toon", "sender": "AIR:401000000", "_1": 401000600, "_2": "2300|18"}
{"_time": "2018-07-24 20:10:35Eastern Daylight Time", "type": "building-toon", "sender": "AIR:401000000", "_1": 401000606, "_2": "2300|31"}
{"_time": "2018-07-24 20:10:35Eastern Daylight Time", "type": "building-toon", "sender": "AIR:401000000", "_1": 401000612, "_2": "2300|21"}
{"_time": "2018-07-24 20:10:35Eastern Daylight Time", "type": "building-toon", "sender": "AIR:401000000", "_1": 401000617, "_2": "2300|22"}
{"_time": "2018-07-24 20:10:35Eastern Daylight Time", "type": "building-toon", "sender": "AIR:401000000", "_1": 401000623, "_2": "2300|33"}
{"_time": "2018-07-24 20:10:35Eastern Daylight Time", "type": "building-toon", "sender": "AIR:401000000", "_1": 401000628, "_2": "2300|24"}
{"_time": "2018-07-24 20:10:35Eastern Daylight Time", "type": "building-toon", "sender": "AIR:401000000", "_1": 401000633, "_2": "2300|23"}
{"_time": "2018-07-24 20:10:35Eastern Daylight Time", "type": "building-toon", "sender": "AIR:401000000", "_1": 401000648, "_2": "2400|2"}
{"_time": "2018-07-24 20:10:35Eastern Daylight Time", "type": "building-toon", "sender": "AIR:401000000", "_1": 401000653, "_2": "2400|3"}
{"_time": "2018-07-24 20:10:35Eastern Daylight Time", "type": "building-toon", "sender": "AIR:401000000", "_1": 401000658, "_2": "2400|22"}
{"_time": "2018-07-24 20:10:35Eastern Daylight Time", "type": "building-toon", "sender": "AIR:401000000", "_1": 401000663, "_2": "2400|5"}
{"_time": "2018-07-24 20:10:35Eastern Daylight Time", "type": "building-toon", "sender": "AIR:401000000", "_1": 401000668, "_2": "2400|21"}
{"_time": "2018-07-24 20:10:35Eastern Daylight Time", "type": "building-toon", "sender": "AIR:401000000", "_1": 401000673, "_2": "2400|7"}
{"_time": "2018-07-24 20:10:35Eastern Daylight Time", "type": "building-toon", "sender": "AIR:401000000", "_1": 401000678, "_2": "2400|4"}
{"_time": "2018-07-24 20:10:35Eastern Daylight Time", "type": "building-toon", "sender": "AIR:401000000", "_1": 401000683, "_2": "2400|8"}
{"_time": "2018-07-24 20:10:35Eastern Daylight Time", "type": "building-toon", "sender": "AIR:401000000", "_1": 401000688, "_2": "2400|9"}
{"_time": "2018-07-24 20:10:35Eastern Daylight Time", "type": "building-toon", "sender": "AIR:401000000", "_1": 401000693, "_2": "2400|10"}
{"_time": "2018-07-24 20:10:35Eastern Daylight Time", "type": "building-toon", "sender": "AIR:401000000", "_1": 401000698, "_2": "2400|11"}
{"_time": "2018-07-24 20:10:35Eastern Daylight Time", "type": "building-toon", "sender": "AIR:401000000", "_1": 401000703, "_2": "2400|20"}
{"_time": "2018-07-24 20:10:35Eastern Daylight Time", "type": "building-toon", "sender": "AIR:401000000", "_1": 401000708, "_2": "2400|19"}
{"_time": "2018-07-24 20:10:35Eastern Daylight Time", "type": "building-toon", "sender": "AIR:401000000", "_1": 401000713, "_2": "2400|14"}
{"_time": "2018-07-24 20:10:35Eastern Daylight Time", "type": "building-toon", "sender": "AIR:401000000", "_1": 401000718, "_2": "2400|17"}
{"_time": "2018-07-24 20:10:35Eastern Daylight Time", "type": "building-toon", "sender": "AIR:401000000", "_1": 401000723, "_2": "2400|16"}
{"_time": "2018-07-24 20:10:35Eastern Daylight Time", "type": "building-toon", "sender": "AIR:401000000", "_1": 401000728, "_2": "2400|23"}
{"_time": "2018-07-24 20:10:35Eastern Daylight Time", "type": "building-toon", "sender": "AIR:401000000", "_1": 401000733, "_2": "2400|15"}
{"_time": "2018-07-24 20:10:35Eastern Daylight Time", "type": "client-connected", "sender": "Client:1000000000", "remote_address": "127.0.0.1:50157", "local_address": "127.0.0.1:7199"}
{"_time": "2018-07-24 20:10:35Eastern Daylight Time", "type": "building-toon", "sender": "AIR:401000000", "_1": 401000803, "_2": "1000|8"}
{"_time": "2018-07-24 20:10:35Eastern Daylight Time", "type": "building-toon", "sender": "AIR:401000000", "_1": 401000829, "_2": "1100|26"}
{"_time": "2018-07-24 20:10:35Eastern Daylight Time", "type": "building-toon", "sender": "AIR:401000000", "_1": 401000835, "_2": "1100|2"}
{"_time": "2018-07-24 20:10:35Eastern Daylight Time", "type": "building-toon", "sender": "AIR:401000000", "_1": 401000841, "_2": "1100|4"}
{"_time": "2018-07-24 20:10:35Eastern Daylight Time", "type": "building-toon", "sender": "AIR:401000000", "_1": 401000847, "_2": "1100|6"}
{"_time": "2018-07-24 20:10:35Eastern Daylight Time", "type": "building-toon", "sender": "AIR:401000000", "_1": 401000853, "_2": "1100|8"}
{"_time": "2018-07-24 20:10:35Eastern Daylight Time", "type": "building-toon", "sender": "AIR:401000000", "_1": 401000859, "_2": "1100|20"}
{"_time": "2018-07-24 20:10:35Eastern Daylight Time", "type": "building-toon", "sender": "AIR:401000000", "_1": 401000865, "_2": "1100|9"}
{"_time": "2018-07-24 20:10:35Eastern Daylight Time", "type": "building-toon", "sender": "AIR:401000000", "_1": 401000871, "_2": "1100|27"}
{"_time": "2018-07-24 20:10:35Eastern Daylight Time", "type": "building-toon", "sender": "AIR:401000000", "_1": 401000877, "_2": "1100|12"}
{"_time": "2018-07-24 20:10:35Eastern Daylight Time", "type": "building-toon", "sender": "AIR:401000000", "_1": 401000883, "_2": "1100|13"}
{"_time": "2018-07-24 20:10:35Eastern Daylight Time", "type": "building-toon", "sender": "AIR:401000000", "_1": 401000889, "_2": "1100|14"}
{"_time": "2018-07-24 20:10:35Eastern Daylight Time", "type": "building-toon", "sender": "AIR:401000000", "_1": 401000895, "_2": "1100|15"}
{"_time": "2018-07-24 20:10:35Eastern Daylight Time", "type": "building-toon", "sender": "AIR:401000000", "_1": 401000901, "_2": "1100|16"}
{"_time": "2018-07-24 20:10:35Eastern Daylight Time", "type": "building-toon", "sender": "AIR:401000000", "_1": 401000907, "_2": "1100|17"}
{"_time": "2018-07-24 20:10:35Eastern Daylight Time", "type": "building-toon", "sender": "AIR:401000000", "_1": 401000913, "_2": "1100|19"}
{"_time": "2018-07-24 20:10:35Eastern Daylight Time", "type": "building-toon", "sender": "AIR:401000000", "_1": 401000919, "_2": "1100|21"}
{"_time": "2018-07-24 20:10:35Eastern Daylight Time", "type": "accountLogin", "sender": "AIR:1000000", "_1": 1000000000, "_2": 100000014, "_3": "phanegan2"}
{"_time": "2018-07-24 20:10:35Eastern Daylight Time", "type": "building-toon", "sender": "AIR:401000000", "_1": 401000925, "_2": "1100|22"}
{"_time": "2018-07-24 20:10:35Eastern Daylight Time", "type": "building-toon", "sender": "AIR:401000000", "_1": 401000931, "_2": "1100|28"}
{"_time": "2018-07-24 20:10:35Eastern Daylight Time", "type": "building-toon", "sender": "AIR:401000000", "_1": 401000937, "_2": "1100|24"}
{"_time": "2018-07-24 20:10:35Eastern Daylight Time", "type": "building-toon", "sender": "AIR:401000000", "_1": 401000952, "_2": "1200|25"}
{"_time": "2018-07-24 20:10:35Eastern Daylight Time", "type": "building-toon", "sender": "AIR:401000000", "_1": 401000958, "_2": "1200|3"}
{"_time": "2018-07-24 20:10:35Eastern Daylight Time", "type": "building-toon", "sender": "AIR:401000000", "_1": 401000964, "_2": "1200|6"}
{"_time": "2018-07-24 20:10:35Eastern Daylight Time", "type": "building-toon", "sender": "AIR:401000000", "_1": 401000970, "_2": "1200|5"}
{"_time": "2018-07-24 20:10:35Eastern Daylight Time", "type": "building-toon", "sender": "AIR:401000000", "_1": 401000976, "_2": "1200|7"}
{"_time": "2018-07-24 20:10:35Eastern Daylight Time", "type": "building-toon", "sender": "AIR:401000000", "_1": 401000982, "_2": "1200|26"}
{"_time": "2018-07-24 20:10:35Eastern Daylight Time", "type": "building-toon", "sender": "AIR:401000000", "_1": 401000988, "_2": "1200|9"}
{"_time": "2018-07-24 20:10:35Eastern Daylight Time", "type": "building-toon", "sender": "AIR:401000000", "_1": 401000994, "_2": "1200|10"}
{"_time": "2018-07-24 20:10:35Eastern Daylight Time", "type": "building-toon", "sender": "AIR:401000000", "_1": 401001000, "_2": "1200|11"}
{"_time": "2018-07-24 20:10:35Eastern Daylight Time", "type": "building-toon", "sender": "AIR:401000000", "_1": 401001006, "_2": "1200|12"}
{"_time": "2018-07-24 20:10:35Eastern Daylight Time", "type": "building-toon", "sender": "AIR:401000000", "_1": 401001012, "_2": "1200|14"}
{"_time": "2018-07-24 20:10:35Eastern Daylight Time", "type": "building-toon", "sender": "AIR:401000000", "_1": 401001018, "_2": "1200|13"}
{"_time": "2018-07-24 20:10:35Eastern Daylight Time", "type": "building-toon", "sender": "AIR:401000000", "_1": 401001024, "_2": "1200|27"}
{"_time": "2018-07-24 20:10:35Eastern Daylight Time", "type": "building-toon", "sender": "AIR:401000000", "_1": 401001030, "_2": "1200|17"}
{"_time": "2018-07-24 20:10:35Eastern Daylight Time", "type": "building-toon", "sender": "AIR:401000000", "_1": 401001036, "_2": "1200|18"}
{"_time": "2018-07-24 20:10:35Eastern Daylight Time", "type": "building-toon", "sender": "AIR:401000000", "_1": 401001042, "_2": "1200|19"}
{"_time": "2018-07-24 20:10:35Eastern Daylight Time", "type": "building-toon", "sender": "AIR:401000000", "_1": 401001048, "_2": "1200|20"}
{"_time": "2018-07-24 20:10:35Eastern Daylight Time", "type": "building-toon", "sender": "AIR:401000000", "_1": 401001054, "_2": "1200|21"}
{"_time": "2018-07-24 20:10:35Eastern Daylight Time", "type": "building-toon", "sender": "AIR:401000000", "_1": 401001060, "_2": "1200|23"}
{"_time": "2018-07-24 20:10:35Eastern Daylight Time", "type": "building-toon", "sender": "AIR:401000000", "_1": 401001066, "_2": "1200|24"}
{"_time": "2018-07-24 20:10:35Eastern Daylight Time", "type": "building-toon", "sender": "AIR:401000000", "_1": 401001072, "_2": "1200|1"}
{"_time": "2018-07-24 20:10:35Eastern Daylight Time", "type": "building-toon", "sender": "AIR:401000000", "_1": 401001078, "_2": "1200|16"}
{"_time": "2018-07-24 20:10:35Eastern Daylight Time", "type": "building-toon", "sender": "AIR:401000000", "_1": 401001084, "_2": "1200|28"}
{"_time": "2018-07-24 20:10:35Eastern Daylight Time", "type": "building-toon", "sender": "AIR:401000000", "_1": 401001099, "_2": "1300|30"}
{"_time": "2018-07-24 20:10:35Eastern Daylight Time", "type": "building-toon", "sender": "AIR:401000000", "_1": 401001105, "_2": "1300|29"}
{"_time": "2018-07-24 20:10:35Eastern Daylight Time", "type": "building-toon", "sender": "AIR:401000000", "_1": 401001111, "_2": "1300|31"}
{"_time": "2018-07-24 20:10:35Eastern Daylight Time", "type": "building-toon", "sender": "AIR:401000000", "_1": 401001117, "_2": "1300|2"}
{"_time": "2018-07-24 20:10:35Eastern Daylight Time", "type": "building-toon", "sender": "AIR:401000000", "_1": 401001123, "_2": "1300|32"}
{"_time": "2018-07-24 20:10:35Eastern Daylight Time", "type": "building-toon", "sender": "AIR:401000000", "_1": 401001129, "_2": "1300|4"}
{"_time": "2018-07-24 20:10:35Eastern Daylight Time", "type": "building-toon", "sender": "AIR:401000000", "_1": 401001135, "_2": "1300|5"}
{"_time": "2018-07-24 20:10:35Eastern Daylight Time", "type": "building-toon", "sender": "AIR:401000000", "_1": 401001141, "_2": "1300|6"}
{"_time": "2018-07-24 20:10:35Eastern Daylight Time", "type": "building-toon", "sender": "AIR:401000000", "_1": 401001147, "_2": "1300|7"}
{"_time": "2018-07-24 20:10:35Eastern Daylight Time", "type": "building-toon", "sender": "AIR:401000000", "_1": 401001153, "_2": "1300|8"}
{"_time": "2018-07-24 20:10:35Eastern Daylight Time", "type": "building-toon", "sender": "AIR:401000000", "_1": 401001159, "_2": "1300|9"}
{"_time": "2018-07-24 20:10:36Eastern Daylight Time", "type": "building-toon", "sender": "AIR:401000000", "_1": 401001165, "_2": "1300|10"}
{"_time": "2018-07-24 20:10:36Eastern Daylight Time", "type": "building-toon", "sender": "AIR:401000000", "_1": 401001171, "_2": "1300|11"}
{"_time": "2018-07-24 20:10:36Eastern Daylight Time", "type": "building-toon", "sender": "AIR:401000000", "_1": 401001177, "_2": "1300|14"}
{"_time": "2018-07-24 20:10:36Eastern Daylight Time", "type": "building-toon", "sender": "AIR:401000000", "_1": 401001183, "_2": "1300|13"}
{"_time": "2018-07-24 20:10:36Eastern Daylight Time", "type": "building-toon", "sender": "AIR:401000000", "_1": 401001189, "_2": "1300|15"}
{"_time": "2018-07-24 20:10:36Eastern Daylight Time", "type": "building-toon", "sender": "AIR:401000000", "_1": 401001195, "_2": "1300|33"}
{"_time": "2018-07-24 20:10:36Eastern Daylight Time", "type": "building-toon", "sender": "AIR:401000000", "_1": 401001201, "_2": "1300|18"}
{"_time": "2018-07-24 20:10:36Eastern Daylight Time", "type": "building-toon", "sender": "AIR:401000000", "_1": 401001207, "_2": "1300|19"}
{"_time": "2018-07-24 20:10:36Eastern Daylight Time", "type": "building-toon", "sender": "AIR:401000000", "_1": 401001213, "_2": "1300|20"}
{"_time": "2018-07-24 20:10:36Eastern Daylight Time", "type": "building-toon", "sender": "AIR:401000000", "_1": 401001219, "_2": "1300|21"}
{"_time": "2018-07-24 20:10:36Eastern Daylight Time", "type": "building-toon", "sender": "AIR:401000000", "_1": 401001225, "_2": "1300|23"}
{"_time": "2018-07-24 20:10:36Eastern Daylight Time", "type": "building-toon", "sender": "AIR:401000000", "_1": 401001231, "_2": "1300|24"}
{"_time": "2018-07-24 20:10:36Eastern Daylight Time", "type": "building-toon", "sender": "AIR:401000000", "_1": 401001237, "_2": "1300|25"}
{"_time": "2018-07-24 20:10:36Eastern Daylight Time", "type": "building-toon", "sender": "AIR:401000000", "_1": 401001243, "_2": "1300|26"}
{"_time": "2018-07-24 20:10:36Eastern Daylight Time", "type": "building-toon", "sender": "AIR:401000000", "_1": 401001249, "_2": "1300|34"}
{"_time": "2018-07-24 20:10:36Eastern Daylight Time", "type": "building-toon", "sender": "AIR:401000000", "_1": 401001255, "_2": "1300|28"}
{"_time": "2018-07-24 20:10:36Eastern Daylight Time", "type": "building-toon", "sender": "AIR:401000000", "_1": 401001311, "_2": "5000|3"}
{"_time": "2018-07-24 20:10:36Eastern Daylight Time", "type": "building-toon", "sender": "AIR:401000000", "_1": 401001337, "_2": "5100|2"}
{"_time": "2018-07-24 20:10:36Eastern Daylight Time", "type": "building-toon", "sender": "AIR:401000000", "_1": 401001343, "_2": "5100|1"}
{"_time": "2018-07-24 20:10:36Eastern Daylight Time", "type": "building-toon", "sender": "AIR:401000000", "_1": 401001349, "_2": "5100|3"}
{"_time": "2018-07-24 20:10:36Eastern Daylight Time", "type": "building-toon", "sender": "AIR:401000000", "_1": 401001355, "_2": "5100|5"}
{"_time": "2018-07-24 20:10:36Eastern Daylight Time", "type": "building-toon", "sender": "AIR:401000000", "_1": 401001361, "_2": "5100|4"}
{"_time": "2018-07-24 20:10:36Eastern Daylight Time", "type": "building-toon", "sender": "AIR:401000000", "_1": 401001367, "_2": "5100|6"}
{"_time": "2018-07-24 20:10:36Eastern Daylight Time", "type": "building-toon", "sender": "AIR:401000000", "_1": 401001373, "_2": "5100|7"}
{"_time": "2018-07-24 20:10:36Eastern Daylight Time", "type": "building-toon", "sender": "AIR:401000000", "_1": 401001379, "_2": "5100|8"}
{"_time": "2018-07-24 20:10:36Eastern Daylight Time", "type": "building-toon", "sender": "AIR:401000000", "_1": 401001385, "_2": "5100|9"}
{"_time": "2018-07-24 20:10:36Eastern Daylight Time", "type": "building-toon", "sender": "AIR:401000000", "_1": 401001391, "_2": "5100|11"}
{"_time": "2018-07-24 20:10:36Eastern Daylight Time", "type": "building-toon", "sender": "AIR:401000000", "_1": 401001397, "_2": "5100|10"}
{"_time": "2018-07-24 20:10:36Eastern Daylight Time", "type": "building-toon", "sender": "AIR:401000000", "_1": 401001403, "_2": "5100|26"}
{"_time": "2018-07-24 20:10:36Eastern Daylight Time", "type": "building-toon", "sender": "AIR:401000000", "_1": 401001409, "_2": "5100|13"}
{"_time": "2018-07-24 20:10:36Eastern Daylight Time", "type": "building-toon", "sender": "AIR:401000000", "_1": 401001415, "_2": "5100|15"}
{"_time": "2018-07-24 20:10:36Eastern Daylight Time", "type": "building-toon", "sender": "AIR:401000000", "_1": 401001421, "_2": "5100|25"}
{"_time": "2018-07-24 20:10:36Eastern Daylight Time", "type": "building-toon", "sender": "AIR:401000000", "_1": 401001427, "_2": "5100|16"}
{"_time": "2018-07-24 20:10:36Eastern Daylight Time", "type": "building-toon", "sender": "AIR:401000000", "_1": 401001433, "_2": "5100|17"}
{"_time": "2018-07-24 20:10:36Eastern Daylight Time", "type": "building-toon", "sender": "AIR:401000000", "_1": 401001439, "_2": "5100|18"}
{"_time": "2018-07-24 20:10:36Eastern Daylight Time", "type": "building-toon", "sender": "AIR:401000000", "_1": 401001445, "_2": "5100|19"}
{"_time": "2018-07-24 20:10:36Eastern Daylight Time", "type": "building-toon", "sender": "AIR:401000000", "_1": 401001451, "_2": "5100|20"}
{"_time": "2018-07-24 20:10:36Eastern Daylight Time", "type": "building-toon", "sender": "AIR:401000000", "_1": 401001457, "_2": "5100|21"}
{"_time": "2018-07-24 20:10:36Eastern Daylight Time", "type": "building-toon", "sender": "AIR:401000000", "_1": 401001463, "_2": "5100|22"}
{"_time": "2018-07-24 20:10:36Eastern Daylight Time", "type": "building-toon", "sender": "AIR:401000000", "_1": 401001469, "_2": "5100|23"}
{"_time": "2018-07-24 20:10:36Eastern Daylight Time", "type": "building-toon", "sender": "AIR:401000000", "_1": 401001475, "_2": "5100|24"}
{"_time": "2018-07-24 20:10:36Eastern Daylight Time", "type": "building-toon", "sender": "AIR:401000000", "_1": 401001490, "_2": "5200|25"}
{"_time": "2018-07-24 20:10:36Eastern Daylight Time", "type": "building-toon", "sender": "AIR:401000000", "_1": 401001496, "_2": "5200|26"}
{"_time": "2018-07-24 20:10:36Eastern Daylight Time", "type": "building-toon", "sender": "AIR:401000000", "_1": 401001502, "_2": "5200|27"}
{"_time": "2018-07-24 20:10:36Eastern Daylight Time", "type": "building-toon", "sender": "AIR:401000000", "_1": 401001508, "_2": "5200|1"}
{"_time": "2018-07-24 20:10:36Eastern Daylight Time", "type": "building-toon", "sender": "AIR:401000000", "_1": 401001514, "_2": "5200|2"}
{"_time": "2018-07-24 20:10:36Eastern Daylight Time", "type": "building-toon", "sender": "AIR:401000000", "_1": 401001520, "_2": "5200|3"}
{"_time": "2018-07-24 20:10:36Eastern Daylight Time", "type": "building-toon", "sender": "AIR:401000000", "_1": 401001526, "_2": "5200|4"}
{"_time": "2018-07-24 20:10:36Eastern Daylight Time", "type": "building-toon", "sender": "AIR:401000000", "_1": 401001532, "_2": "5200|5"}
{"_time": "2018-07-24 20:10:36Eastern Daylight Time", "type": "building-toon", "sender": "AIR:401000000", "_1": 401001538, "_2": "5200|6"}
{"_time": "2018-07-24 20:10:36Eastern Daylight Time", "type": "building-toon", "sender": "AIR:401000000", "_1": 401001544, "_2": "5200|7"}
{"_time": "2018-07-24 20:10:36Eastern Daylight Time", "type": "building-toon", "sender": "AIR:401000000", "_1": 401001550, "_2": "5200|9"}
{"_time": "2018-07-24 20:10:36Eastern Daylight Time", "type": "building-toon", "sender": "AIR:401000000", "_1": 401001556, "_2": "5200|11"}
{"_time": "2018-07-24 20:10:36Eastern Daylight Time", "type": "building-toon", "sender": "AIR:401000000", "_1": 401001562, "_2": "5200|12"}
{"_time": "2018-07-24 20:10:36Eastern Daylight Time", "type": "building-toon", "sender": "AIR:401000000", "_1": 401001568, "_2": "5200|13"}
{"_time": "2018-07-24 20:10:36Eastern Daylight Time", "type": "building-toon", "sender": "AIR:401000000", "_1": 401001574, "_2": "5200|14"}
{"_time": "2018-07-24 20:10:36Eastern Daylight Time", "type": "building-toon", "sender": "AIR:401000000", "_1": 401001580, "_2": "5200|15"}
{"_time": "2018-07-24 20:10:36Eastern Daylight Time", "type": "building-toon", "sender": "AIR:401000000", "_1": 401001586, "_2": "5200|16"}
{"_time": "2018-07-24 20:10:36Eastern Daylight Time", "type": "building-toon", "sender": "AIR:401000000", "_1": 401001592, "_2": "5200|17"}
{"_time": "2018-07-24 20:10:36Eastern Daylight Time", "type": "building-toon", "sender": "AIR:401000000", "_1": 401001598, "_2": "5200|18"}
{"_time": "2018-07-24 20:10:36Eastern Daylight Time", "type": "building-toon", "sender": "AIR:401000000", "_1": 401001604, "_2": "5200|19"}
{"_time": "2018-07-24 20:10:36Eastern Daylight Time", "type": "building-toon", "sender": "AIR:401000000", "_1": 401001610, "_2": "5200|20"}
{"_time": "2018-07-24 20:10:36Eastern Daylight Time", "type": "building-toon", "sender": "AIR:401000000", "_1": 401001616, "_2": "5200|21"}
{"_time": "2018-07-24 20:10:36Eastern Daylight Time", "type": "building-toon", "sender": "AIR:401000000", "_1": 401001622, "_2": "5200|8"}
{"_time": "2018-07-24 20:10:36Eastern Daylight Time", "type": "building-toon", "sender": "AIR:401000000", "_1": 401001628, "_2": "5200|10"}
{"_time": "2018-07-24 20:10:36Eastern Daylight Time", "type": "building-toon", "sender": "AIR:401000000", "_1": 401001643, "_2": "5300|33"}
{"_time": "2018-07-24 20:10:36Eastern Daylight Time", "type": "building-toon", "sender": "AIR:401000000", "_1": 401001649, "_2": "5300|35"}
{"_time": "2018-07-24 20:10:36Eastern Daylight Time", "type": "building-toon", "sender": "AIR:401000000", "_1": 401001655, "_2": "5300|36"}
{"_time": "2018-07-24 20:10:36Eastern Daylight Time", "type": "building-toon", "sender": "AIR:401000000", "_1": 401001661, "_2": "5300|15"}
{"_time": "2018-07-24 20:10:36Eastern Daylight Time", "type": "building-toon", "sender": "AIR:401000000", "_1": 401001667, "_2": "5300|17"}
{"_time": "2018-07-24 20:10:36Eastern Daylight Time", "type": "building-toon", "sender": "AIR:401000000", "_1": 401001673, "_2": "5300|27"}
{"_time": "2018-07-24 20:10:36Eastern Daylight Time", "type": "building-toon", "sender": "AIR:401000000", "_1": 401001679, "_2": "5300|28"}
{"_time": "2018-07-24 20:10:36Eastern Daylight Time", "type": "building-toon", "sender": "AIR:401000000", "_1": 401001685, "_2": "5300|9"}
{"_time": "2018-07-24 20:10:36Eastern Daylight Time", "type": "building-toon", "sender": "AIR:401000000", "_1": 401001691, "_2": "5300|30"}
{"_time": "2018-07-24 20:10:36Eastern Daylight Time", "type": "building-toon", "sender": "AIR:401000000", "_1": 401001697, "_2": "5300|19"}
{"_time": "2018-07-24 20:10:36Eastern Daylight Time", "type": "building-toon", "sender": "AIR:401000000", "_1": 401001703, "_2": "5300|21"}
{"_time": "2018-07-24 20:10:36Eastern Daylight Time", "type": "building-toon", "sender": "AIR:401000000", "_1": 401001709, "_2": "5300|5"}
{"_time": "2018-07-24 20:10:36Eastern Daylight Time", "type": "building-toon", "sender": "AIR:401000000", "_1": 401001715, "_2": "5300|11"}
{"_time": "2018-07-24 20:10:36Eastern Daylight Time", "type": "building-toon", "sender": "AIR:401000000", "_1": 401001721, "_2": "5300|10"}
{"_time": "2018-07-24 20:10:36Eastern Daylight Time", "type": "building-toon", "sender": "AIR:401000000", "_1": 401001727, "_2": "5300|26"}
{"_time": "2018-07-24 20:10:36Eastern Daylight Time", "type": "building-toon", "sender": "AIR:401000000", "_1": 401001733, "_2": "5300|37"}
{"_time": "2018-07-24 20:10:36Eastern Daylight Time", "type": "building-toon", "sender": "AIR:401000000", "_1": 401001739, "_2": "5300|4"}
{"_time": "2018-07-24 20:10:36Eastern Daylight Time", "type": "building-toon", "sender": "AIR:401000000", "_1": 401001832, "_2": "4000|6"}
{"_time": "2018-07-24 20:10:36Eastern Daylight Time", "type": "building-toon", "sender": "AIR:401000000", "_1": 401001858, "_2": "4100|3"}
{"_time": "2018-07-24 20:10:36Eastern Daylight Time", "type": "building-toon", "sender": "AIR:401000000", "_1": 401001864, "_2": "4100|4"}
{"_time": "2018-07-24 20:10:36Eastern Daylight Time", "type": "building-toon", "sender": "AIR:401000000", "_1": 401001870, "_2": "4100|6"}
{"_time": "2018-07-24 20:10:36Eastern Daylight Time", "type": "building-toon", "sender": "AIR:401000000", "_1": 401001876, "_2": "4100|7"}
{"_time": "2018-07-24 20:10:36Eastern Daylight Time", "type": "building-toon", "sender": "AIR:401000000", "_1": 401001882, "_2": "4100|45"}
{"_time": "2018-07-24 20:10:36Eastern Daylight Time", "type": "building-toon", "sender": "AIR:401000000", "_1": 401001888, "_2": "4100|14"}
{"_time": "2018-07-24 20:10:36Eastern Daylight Time", "type": "building-toon", "sender": "AIR:401000000", "_1": 401001894, "_2": "4100|17"}
{"_time": "2018-07-24 20:10:36Eastern Daylight Time", "type": "building-toon", "sender": "AIR:401000000", "_1": 401001900, "_2": "4100|18"}
{"_time": "2018-07-24 20:10:36Eastern Daylight Time", "type": "building-toon", "sender": "AIR:401000000", "_1": 401001906, "_2": "4100|19"}
{"_time": "2018-07-24 20:10:36Eastern Daylight Time", "type": "building-toon", "sender": "AIR:401000000", "_1": 401001912, "_2": "4100|22"}
{"_time": "2018-07-24 20:10:36Eastern Daylight Time", "type": "building-toon", "sender": "AIR:401000000", "_1": 401001918, "_2": "4100|23"}
{"_time": "2018-07-24 20:10:36Eastern Daylight Time", "type": "building-toon", "sender": "AIR:401000000", "_1": 401001924, "_2": "4100|26"}
{"_time": "2018-07-24 20:10:36Eastern Daylight Time", "type": "building-toon", "sender": "AIR:401000000", "_1": 401001930, "_2": "4100|48"}
{"_time": "2018-07-24 20:10:36Eastern Daylight Time", "type": "building-toon", "sender": "AIR:401000000", "_1": 401001936, "_2": "4100|28"}
{"_time": "2018-07-24 20:10:36Eastern Daylight Time", "type": "building-toon", "sender": "AIR:401000000", "_1": 401001942, "_2": "4100|31"}
{"_time": "2018-07-24 20:10:36Eastern Daylight Time", "type": "building-toon", "sender": "AIR:401000000", "_1": 401001948, "_2": "4100|32"}
{"_time": "2018-07-24 20:10:36Eastern Daylight Time", "type": "building-toon", "sender": "AIR:401000000", "_1": 401001954, "_2": "4100|58"}
{"_time": "2018-07-24 20:10:36Eastern Daylight Time", "type": "building-toon", "sender": "AIR:401000000", "_1": 401001960, "_2": "4100|49"}
{"_time": "2018-07-24 20:10:36Eastern Daylight Time", "type": "building-toon", "sender": "AIR:401000000", "_1": 401001965, "_2": "4100|35"}
{"_time": "2018-07-24 20:10:36Eastern Daylight Time", "type": "building-toon", "sender": "AIR:401000000", "_1": 401001971, "_2": "4100|52"}
{"_time": "2018-07-24 20:10:36Eastern Daylight Time", "type": "building-toon", "sender": "AIR:401000000", "_1": 401001977, "_2": "4100|37"}
{"_time": "2018-07-24 20:10:36Eastern Daylight Time", "type": "building-toon", "sender": "AIR:401000000", "_1": 401001983, "_2": "4100|42"}
{"_time": "2018-07-24 20:10:36Eastern Daylight Time", "type": "building-toon", "sender": "AIR:401000000", "_1": 401001989, "_2": "4100|41"}
{"_time": "2018-07-24 20:10:36Eastern Daylight Time", "type": "building-toon", "sender": "AIR:401000000", "_1": 401001995, "_2": "4100|5"}
{"_time": "2018-07-24 20:10:36Eastern Daylight Time", "type": "building-toon", "sender": "AIR:401000000", "_1": 401002001, "_2": "4100|12"}
{"_time": "2018-07-24 20:10:36Eastern Daylight Time", "type": "building-toon", "sender": "AIR:401000000", "_1": 401002007, "_2": "4100|10"}
{"_time": "2018-07-24 20:10:36Eastern Daylight Time", "type": "building-toon", "sender": "AIR:401000000", "_1": 401002013, "_2": "4100|9"}
{"_time": "2018-07-24 20:10:36Eastern Daylight Time", "type": "building-toon", "sender": "AIR:401000000", "_1": 401002019, "_2": "4100|11"}
{"_time": "2018-07-24 20:10:36Eastern Daylight Time", "type": "building-toon", "sender": "AIR:401000000", "_1": 401002025, "_2": "4100|55"}
{"_time": "2018-07-24 20:10:36Eastern Daylight Time", "type": "building-toon", "sender": "AIR:401000000", "_1": 401002031, "_2": "4100|15"}
{"_time": "2018-07-24 20:10:36Eastern Daylight Time", "type": "building-toon", "sender": "AIR:401000000", "_1": 401002037, "_2": "4100|46"}
{"_time": "2018-07-24 20:10:36Eastern Daylight Time", "type": "building-toon", "sender": "AIR:401000000", "_1": 401002042, "_2": "4100|54"}
{"_time": "2018-07-24 20:10:36Eastern Daylight Time", "type": "building-toon", "sender": "AIR:401000000", "_1": 401002048, "_2": "4100|57"}
{"_time": "2018-07-24 20:10:36Eastern Daylight Time", "type": "building-toon", "sender": "AIR:401000000", "_1": 401002054, "_2": "4100|25"}
{"_time": "2018-07-24 20:10:36Eastern Daylight Time", "type": "building-toon", "sender": "AIR:401000000", "_1": 401002060, "_2": "4100|56"}
{"_time": "2018-07-24 20:10:36Eastern Daylight Time", "type": "building-toon", "sender": "AIR:401000000", "_1": 401002065, "_2": "4100|29"}
{"_time": "2018-07-24 20:10:36Eastern Daylight Time", "type": "building-toon", "sender": "AIR:401000000", "_1": 401002071, "_2": "4100|30"}
{"_time": "2018-07-24 20:10:36Eastern Daylight Time", "type": "building-toon", "sender": "AIR:401000000", "_1": 401002077, "_2": "4100|53"}
{"_time": "2018-07-24 20:10:36Eastern Daylight Time", "type": "building-toon", "sender": "AIR:401000000", "_1": 401002082, "_2": "4100|38"}
{"_time": "2018-07-24 20:10:36Eastern Daylight Time", "type": "building-toon", "sender": "AIR:401000000", "_1": 401002088, "_2": "4100|39"}
{"_time": "2018-07-24 20:10:36Eastern Daylight Time", "type": "building-toon", "sender": "AIR:401000000", "_1": 401002103, "_2": "4200|1"}
{"_time": "2018-07-24 20:10:36Eastern Daylight Time", "type": "building-toon", "sender": "AIR:401000000", "_1": 401002109, "_2": "4200|3"}
{"_time": "2018-07-24 20:10:36Eastern Daylight Time", "type": "building-toon", "sender": "AIR:401000000", "_1": 401002115, "_2": "4200|2"}
{"_time": "2018-07-24 20:10:36Eastern Daylight Time", "type": "building-toon", "sender": "AIR:401000000", "_1": 401002121, "_2": "4200|4"}
{"_time": "2018-07-24 20:10:36Eastern Daylight Time", "type": "building-toon", "sender": "AIR:401000000", "_1": 401002127, "_2": "4200|5"}
{"_time": "2018-07-24 20:10:36Eastern Daylight Time", "type": "building-toon", "sender": "AIR:401000000", "_1": 401002133, "_2": "4200|32"}
{"_time": "2018-07-24 20:10:36Eastern Daylight Time", "type": "building-toon", "sender": "AIR:401000000", "_1": 401002139, "_2": "4200|10"}
{"_time": "2018-07-24 20:10:36Eastern Daylight Time", "type": "building-toon", "sender": "AIR:401000000", "_1": 401002145, "_2": "4200|13"}
{"_time": "2018-07-24 20:10:36Eastern Daylight Time", "type": "building-toon", "sender": "AIR:401000000", "_1": 401002151, "_2": "4200|38"}
{"_time": "2018-07-24 20:10:36Eastern Daylight Time", "type": "building-toon", "sender": "AIR:401000000", "_1": 401002157, "_2": "4200|37"}
{"_time": "2018-07-24 20:10:36Eastern Daylight Time", "type": "building-toon", "sender": "AIR:401000000", "_1": 401002163, "_2": "4200|23"}
{"_time": "2018-07-24 20:10:36Eastern Daylight Time", "type": "building-toon", "sender": "AIR:401000000", "_1": 401002169, "_2": "4200|24"}
{"_time": "2018-07-24 20:10:36Eastern Daylight Time", "type": "building-toon", "sender": "AIR:401000000", "_1": 401002175, "_2": "4200|27"}
{"_time": "2018-07-24 20:10:36Eastern Daylight Time", "type": "building-toon", "sender": "AIR:401000000", "_1": 401002181, "_2": "4200|29"}
{"_time": "2018-07-24 20:10:36Eastern Daylight Time", "type": "building-toon", "sender": "AIR:401000000", "_1": 401002187, "_2": "4200|30"}
{"_time": "2018-07-24 20:10:36Eastern Daylight Time", "type": "building-toon", "sender": "AIR:401000000", "_1": 401002193, "_2": "4200|31"}
{"_time": "2018-07-24 20:10:36Eastern Daylight Time", "type": "building-toon", "sender": "AIR:401000000", "_1": 401002199, "_2": "4200|9"}
{"_time": "2018-07-24 20:10:36Eastern Daylight Time", "type": "building-toon", "sender": "AIR:401000000", "_1": 401002205, "_2": "4200|7"}
{"_time": "2018-07-24 20:10:36Eastern Daylight Time", "type": "building-toon", "sender": "AIR:401000000", "_1": 401002211, "_2": "4200|12"}
{"_time": "2018-07-24 20:10:36Eastern Daylight Time", "type": "building-toon", "sender": "AIR:401000000", "_1": 401002217, "_2": "4200|36"}
{"_time": "2018-07-24 20:10:36Eastern Daylight Time", "type": "building-toon", "sender": "AIR:401000000", "_1": 401002223, "_2": "4200|34"}
{"_time": "2018-07-24 20:10:36Eastern Daylight Time", "type": "building-toon", "sender": "AIR:401000000", "_1": 401002228, "_2": "4200|16"}
{"_time": "2018-07-24 20:10:36Eastern Daylight Time", "type": "building-toon", "sender": "AIR:401000000", "_1": 401002234, "_2": "4200|19"}
{"_time": "2018-07-24 20:10:36Eastern Daylight Time", "type": "building-toon", "sender": "AIR:401000000", "_1": 401002240, "_2": "4200|20"}
{"_time": "2018-07-24 20:10:36Eastern Daylight Time", "type": "building-toon", "sender": "AIR:401000000", "_1": 401002246, "_2": "4200|22"}
{"_time": "2018-07-24 20:10:36Eastern Daylight Time", "type": "building-toon", "sender": "AIR:401000000", "_1": 401002252, "_2": "4200|35"}
{"_time": "2018-07-24 20:10:36Eastern Daylight Time", "type": "building-toon", "sender": "AIR:401000000", "_1": 401002258, "_2": "4200|25"}
{"_time": "2018-07-24 20:10:36Eastern Daylight Time", "type": "building-toon", "sender": "AIR:401000000", "_1": 401002264, "_2": "4200|28"}
{"_time": "2018-07-24 20:10:36Eastern Daylight Time", "type": "building-toon", "sender": "AIR:401000000", "_1": 401002270, "_2": "4200|33"}
{"_time": "2018-07-24 20:10:36Eastern Daylight Time", "type": "building-toon", "sender": "AIR:401000000", "_1": 401002275, "_2": "4200|18"}
{"_time": "2018-07-24 20:10:36Eastern Daylight Time", "type": "building-toon", "sender": "AIR:401000000", "_1": 401002281, "_2": "4200|17"}
{"_time": "2018-07-24 20:10:36Eastern Daylight Time", "type": "building-toon", "sender": "AIR:401000000", "_1": 401002296, "_2": "4300|1"}
{"_time": "2018-07-24 20:10:36Eastern Daylight Time", "type": "building-toon", "sender": "AIR:401000000", "_1": 401002302, "_2": "4300|3"}
{"_time": "2018-07-24 20:10:36Eastern Daylight Time", "type": "building-toon", "sender": "AIR:401000000", "_1": 401002308, "_2": "4300|20"}
{"_time": "2018-07-24 20:10:36Eastern Daylight Time", "type": "building-toon", "sender": "AIR:401000000", "_1": 401002313, "_2": "4300|4"}
{"_time": "2018-07-24 20:10:36Eastern Daylight Time", "type": "building-toon", "sender": "AIR:401000000", "_1": 401002319, "_2": "4300|7"}
{"_time": "2018-07-24 20:10:36Eastern Daylight Time", "type": "building-toon", "sender": "AIR:401000000", "_1": 401002325, "_2": "4300|21"}
{"_time": "2018-07-24 20:10:36Eastern Daylight Time", "type": "building-toon", "sender": "AIR:401000000", "_1": 401002331, "_2": "4300|27"}
{"_time": "2018-07-24 20:10:36Eastern Daylight Time", "type": "building-toon", "sender": "AIR:401000000", "_1": 401002337, "_2": "4300|28"}
{"_time": "2018-07-24 20:10:36Eastern Daylight Time", "type": "building-toon", "sender": "AIR:401000000", "_1": 401002343, "_2": "4300|9"}
{"_time": "2018-07-24 20:10:36Eastern Daylight Time", "type": "building-toon", "sender": "AIR:401000000", "_1": 401002349, "_2": "4300|12"}
{"_time": "2018-07-24 20:10:36Eastern Daylight Time", "type": "building-toon", "sender": "AIR:401000000", "_1": 401002354, "_2": "4300|17"}
{"_time": "2018-07-24 20:10:36Eastern Daylight Time", "type": "building-toon", "sender": "AIR:401000000", "_1": 401002360, "_2": "4300|19"}
{"_time": "2018-07-24 20:10:36Eastern Daylight Time", "type": "building-toon", "sender": "AIR:401000000", "_1": 401002366, "_2": "4300|29"}
{"_time": "2018-07-24 20:10:36Eastern Daylight Time", "type": "building-toon", "sender": "AIR:401000000", "_1": 401002372, "_2": "4300|35"}
{"_time": "2018-07-24 20:10:36Eastern Daylight Time", "type": "building-toon", "sender": "AIR:401000000", "_1": 401002378, "_2": "4300|36"}
{"_time": "2018-07-24 20:10:36Eastern Daylight Time", "type": "building-toon", "sender": "AIR:401000000", "_1": 401002384, "_2": "4300|41"}
{"_time": "2018-07-24 20:10:36Eastern Daylight Time", "type": "building-toon", "sender": "AIR:401000000", "_1": 401002390, "_2": "4300|68"}
{"_time": "2018-07-24 20:10:36Eastern Daylight Time", "type": "building-toon", "sender": "AIR:401000000", "_1": 401002395, "_2": "4300|38"}
{"_time": "2018-07-24 20:10:36Eastern Daylight Time", "type": "building-toon", "sender": "AIR:401000000", "_1": 401002401, "_2": "4300|40"}
{"_time": "2018-07-24 20:10:36Eastern Daylight Time", "type": "building-toon", "sender": "AIR:401000000", "_1": 401002407, "_2": "4300|42"}
{"_time": "2018-07-24 20:10:36Eastern Daylight Time", "type": "building-toon", "sender": "AIR:401000000", "_1": 401002413, "_2": "4300|49"}
{"_time": "2018-07-24 20:10:36Eastern Daylight Time", "type": "building-toon", "sender": "AIR:401000000", "_1": 401002418, "_2": "4300|48"}
{"_time": "2018-07-24 20:10:36Eastern Daylight Time", "type": "building-toon", "sender": "AIR:401000000", "_1": 401002424, "_2": "4300|53"}
{"_time": "2018-07-24 20:10:36Eastern Daylight Time", "type": "building-toon", "sender": "AIR:401000000", "_1": 401002430, "_2": "4300|50"}
{"_time": "2018-07-24 20:10:36Eastern Daylight Time", "type": "building-toon", "sender": "AIR:401000000", "_1": 401002436, "_2": "4300|52"}
{"_time": "2018-07-24 20:10:36Eastern Daylight Time", "type": "building-toon", "sender": "AIR:401000000", "_1": 401002442, "_2": "4300|54"}
{"_time": "2018-07-24 20:10:36Eastern Daylight Time", "type": "building-toon", "sender": "AIR:401000000", "_1": 401002448, "_2": "4300|55"}
{"_time": "2018-07-24 20:10:36Eastern Daylight Time", "type": "building-toon", "sender": "AIR:401000000", "_1": 401002454, "_2": "4300|56"}
{"_time": "2018-07-24 20:10:36Eastern Daylight Time", "type": "building-toon", "sender": "AIR:401000000", "_1": 401002459, "_2": "4300|72"}
{"_time": "2018-07-24 20:10:36Eastern Daylight Time", "type": "building-toon", "sender": "AIR:401000000", "_1": 401002465, "_2": "4300|70"}
{"_time": "2018-07-24 20:10:36Eastern Daylight Time", "type": "building-toon", "sender": "AIR:401000000", "_1": 401002471, "_2": "4300|62"}
{"_time": "2018-07-24 20:10:36Eastern Daylight Time", "type": "building-toon", "sender": "AIR:401000000", "_1": 401002477, "_2": "4300|67"}
{"_time": "2018-07-24 20:10:36Eastern Daylight Time", "type": "building-toon", "sender": "AIR:401000000", "_1": 401002483, "_2": "4300|71"}
{"_time": "2018-07-24 20:10:36Eastern Daylight Time", "type": "building-toon", "sender": "AIR:401000000", "_1": 401002489, "_2": "4300|43"}
{"_time": "2018-07-24 20:10:36Eastern Daylight Time", "type": "building-toon", "sender": "AIR:401000000", "_1": 401002494, "_2": "4300|44"}
{"_time": "2018-07-24 20:10:36Eastern Daylight Time", "type": "building-toon", "sender": "AIR:401000000", "_1": 401002500, "_2": "4300|45"}
{"_time": "2018-07-24 20:10:37Eastern Daylight Time", "type": "building-toon", "sender": "AIR:401000000", "_1": 401002556, "_2": "3000|9"}
{"_time": "2018-07-24 20:10:37Eastern Daylight Time", "type": "building-toon", "sender": "AIR:401000000", "_1": 401002582, "_2": "3100|1"}
{"_time": "2018-07-24 20:10:37Eastern Daylight Time", "type": "building-toon", "sender": "AIR:401000000", "_1": 401002588, "_2": "3100|2"}
{"_time": "2018-07-24 20:10:37Eastern Daylight Time", "type": "building-toon", "sender": "AIR:401000000", "_1": 401002594, "_2": "3100|5"}
{"_time": "2018-07-24 20:10:37Eastern Daylight Time", "type": "building-toon", "sender": "AIR:401000000", "_1": 401002599, "_2": "3100|7"}
{"_time": "2018-07-24 20:10:37Eastern Daylight Time", "type": "building-toon", "sender": "AIR:401000000", "_1": 401002605, "_2": "3100|8"}
{"_time": "2018-07-24 20:10:37Eastern Daylight Time", "type": "building-toon", "sender": "AIR:401000000", "_1": 401002611, "_2": "3100|50"}
{"_time": "2018-07-24 20:10:37Eastern Daylight Time", "type": "building-toon", "sender": "AIR:401000000", "_1": 401002617, "_2": "3100|11"}
{"_time": "2018-07-24 20:10:37Eastern Daylight Time", "type": "building-toon", "sender": "AIR:401000000", "_1": 401002623, "_2": "3100|10"}
{"_time": "2018-07-24 20:10:37Eastern Daylight Time", "type": "building-toon", "sender": "AIR:401000000", "_1": 401002629, "_2": "3100|12"}
{"_time": "2018-07-24 20:10:37Eastern Daylight Time", "type": "building-toon", "sender": "AIR:401000000", "_1": 401002635, "_2": "3100|13"}
{"_time": "2018-07-24 20:10:37Eastern Daylight Time", "type": "building-toon", "sender": "AIR:401000000", "_1": 401002641, "_2": "3100|14"}
{"_time": "2018-07-24 20:10:37Eastern Daylight Time", "type": "building-toon", "sender": "AIR:401000000", "_1": 401002647, "_2": "3100|15"}
{"_time": "2018-07-24 20:10:37Eastern Daylight Time", "type": "building-toon", "sender": "AIR:401000000", "_1": 401002653, "_2": "3100|51"}
{"_time": "2018-07-24 20:10:37Eastern Daylight Time", "type": "building-toon", "sender": "AIR:401000000", "_1": 401002659, "_2": "3100|17"}
{"_time": "2018-07-24 20:10:37Eastern Daylight Time", "type": "building-toon", "sender": "AIR:401000000", "_1": 401002665, "_2": "3100|18"}
{"_time": "2018-07-24 20:10:37Eastern Daylight Time", "type": "building-toon", "sender": "AIR:401000000", "_1": 401002671, "_2": "3100|21"}
{"_time": "2018-07-24 20:10:37Eastern Daylight Time", "type": "building-toon", "sender": "AIR:401000000", "_1": 401002677, "_2": "3100|22"}
{"_time": "2018-07-24 20:10:37Eastern Daylight Time", "type": "building-toon", "sender": "AIR:401000000", "_1": 401002682, "_2": "3100|23"}
{"_time": "2018-07-24 20:10:37Eastern Daylight Time", "type": "building-toon", "sender": "AIR:401000000", "_1": 401002688, "_2": "3100|24"}
{"_time": "2018-07-24 20:10:37Eastern Daylight Time", "type": "building-toon", "sender": "AIR:401000000", "_1": 401002694, "_2": "3100|25"}
{"_time": "2018-07-24 20:10:37Eastern Daylight Time", "type": "building-toon", "sender": "AIR:401000000", "_1": 401002700, "_2": "3100|29"}
{"_time": "2018-07-24 20:10:37Eastern Daylight Time", "type": "building-toon", "sender": "AIR:401000000", "_1": 401002706, "_2": "3100|27"}
{"_time": "2018-07-24 20:10:37Eastern Daylight Time", "type": "building-toon", "sender": "AIR:401000000", "_1": 401002712, "_2": "3100|30"}
{"_time": "2018-07-24 20:10:37Eastern Daylight Time", "type": "building-toon", "sender": "AIR:401000000", "_1": 401002718, "_2": "3100|34"}
{"_time": "2018-07-24 20:10:37Eastern Daylight Time", "type": "building-toon", "sender": "AIR:401000000", "_1": 401002724, "_2": "3100|35"}
{"_time": "2018-07-24 20:10:37Eastern Daylight Time", "type": "building-toon", "sender": "AIR:401000000", "_1": 401002730, "_2": "3100|36"}
{"_time": "2018-07-24 20:10:37Eastern Daylight Time", "type": "building-toon", "sender": "AIR:401000000", "_1": 401002736, "_2": "3100|37"}
{"_time": "2018-07-24 20:10:37Eastern Daylight Time", "type": "building-toon", "sender": "AIR:401000000", "_1": 401002742, "_2": "3100|38"}
{"_time": "2018-07-24 20:10:37Eastern Daylight Time", "type": "building-toon", "sender": "AIR:401000000", "_1": 401002748, "_2": "3100|48"}
{"_time": "2018-07-24 20:10:37Eastern Daylight Time", "type": "building-toon", "sender": "AIR:401000000", "_1": 401002754, "_2": "3100|49"}
{"_time": "2018-07-24 20:10:37Eastern Daylight Time", "type": "building-toon", "sender": "AIR:401000000", "_1": 401002760, "_2": "3100|41"}
{"_time": "2018-07-24 20:10:37Eastern Daylight Time", "type": "building-toon", "sender": "AIR:401000000", "_1": 401002766, "_2": "3100|20"}
{"_time": "2018-07-24 20:10:37Eastern Daylight Time", "type": "building-toon", "sender": "AIR:401000000", "_1": 401002772, "_2": "3100|42"}
{"_time": "2018-07-24 20:10:37Eastern Daylight Time", "type": "building-toon", "sender": "AIR:401000000", "_1": 401002778, "_2": "3100|43"}
{"_time": "2018-07-24 20:10:37Eastern Daylight Time", "type": "building-toon", "sender": "AIR:401000000", "_1": 401002784, "_2": "3100|53"}
{"_time": "2018-07-24 20:10:37Eastern Daylight Time", "type": "building-toon", "sender": "AIR:401000000", "_1": 401002790, "_2": "3100|44"}
{"_time": "2018-07-24 20:10:37Eastern Daylight Time", "type": "building-toon", "sender": "AIR:401000000", "_1": 401002796, "_2": "3100|47"}
{"_time": "2018-07-24 20:10:37Eastern Daylight Time", "type": "building-toon", "sender": "AIR:401000000", "_1": 401002811, "_2": "3200|2"}
{"_time": "2018-07-24 20:10:37Eastern Daylight Time", "type": "building-toon", "sender": "AIR:401000000", "_1": 401002817, "_2": "3200|3"}
{"_time": "2018-07-24 20:10:37Eastern Daylight Time", "type": "building-toon", "sender": "AIR:401000000", "_1": 401002822, "_2": "3200|37"}
{"_time": "2018-07-24 20:10:37Eastern Daylight Time", "type": "building-toon", "sender": "AIR:401000000", "_1": 401002828, "_2": "3200|5"}
{"_time": "2018-07-24 20:10:37Eastern Daylight Time", "type": "building-toon", "sender": "AIR:401000000", "_1": 401002834, "_2": "3200|6"}
{"_time": "2018-07-24 20:10:37Eastern Daylight Time", "type": "building-toon", "sender": "AIR:401000000", "_1": 401002840, "_2": "3200|8"}
{"_time": "2018-07-24 20:10:37Eastern Daylight Time", "type": "building-toon", "sender": "AIR:401000000", "_1": 401002846, "_2": "3200|7"}
{"_time": "2018-07-24 20:10:37Eastern Daylight Time", "type": "building-toon", "sender": "AIR:401000000", "_1": 401002852, "_2": "3200|36"}
{"_time": "2018-07-24 20:10:37Eastern Daylight Time", "type": "building-toon", "sender": "AIR:401000000", "_1": 401002858, "_2": "3200|11"}
{"_time": "2018-07-24 20:10:37Eastern Daylight Time", "type": "building-toon", "sender": "AIR:401000000", "_1": 401002863, "_2": "3200|10"}
{"_time": "2018-07-24 20:10:37Eastern Daylight Time", "type": "building-toon", "sender": "AIR:401000000", "_1": 401002869, "_2": "3200|12"}
{"_time": "2018-07-24 20:10:37Eastern Daylight Time", "type": "building-toon", "sender": "AIR:401000000", "_1": 401002875, "_2": "3200|15"}
{"_time": "2018-07-24 20:10:37Eastern Daylight Time", "type": "building-toon", "sender": "AIR:401000000", "_1": 401002881, "_2": "3200|16"}
{"_time": "2018-07-24 20:10:37Eastern Daylight Time", "type": "building-toon", "sender": "AIR:401000000", "_1": 401002887, "_2": "3200|18"}
{"_time": "2018-07-24 20:10:37Eastern Daylight Time", "type": "building-toon", "sender": "AIR:401000000", "_1": 401002893, "_2": "3200|19"}
{"_time": "2018-07-24 20:10:37Eastern Daylight Time", "type": "building-toon", "sender": "AIR:401000000", "_1": 401002899, "_2": "3200|21"}
{"_time": "2018-07-24 20:10:37Eastern Daylight Time", "type": "building-toon", "sender": "AIR:401000000", "_1": 401002905, "_2": "3200|22"}
{"_time": "2018-07-24 20:10:37Eastern Daylight Time", "type": "building-toon", "sender": "AIR:401000000", "_1": 401002911, "_2": "3200|34"}
{"_time": "2018-07-24 20:10:37Eastern Daylight Time", "type": "building-toon", "sender": "AIR:401000000", "_1": 401002917, "_2": "3200|23"}
{"_time": "2018-07-24 20:10:37Eastern Daylight Time", "type": "building-toon", "sender": "AIR:401000000", "_1": 401002923, "_2": "3200|24"}
{"_time": "2018-07-24 20:10:37Eastern Daylight Time", "type": "building-toon", "sender": "AIR:401000000", "_1": 401002929, "_2": "3200|25"}
{"_time": "2018-07-24 20:10:37Eastern Daylight Time", "type": "building-toon", "sender": "AIR:401000000", "_1": 401002935, "_2": "3200|26"}
{"_time": "2018-07-24 20:10:37Eastern Daylight Time", "type": "building-toon", "sender": "AIR:401000000", "_1": 401002941, "_2": "3200|29"}
{"_time": "2018-07-24 20:10:37Eastern Daylight Time", "type": "building-toon", "sender": "AIR:401000000", "_1": 401002946, "_2": "3200|38"}
{"_time": "2018-07-24 20:10:37Eastern Daylight Time", "type": "building-toon", "sender": "AIR:401000000", "_1": 401002952, "_2": "3200|30"}
{"_time": "2018-07-24 20:10:37Eastern Daylight Time", "type": "building-toon", "sender": "AIR:401000000", "_1": 401002958, "_2": "3200|31"}
{"_time": "2018-07-24 20:10:37Eastern Daylight Time", "type": "building-toon", "sender": "AIR:401000000", "_1": 401002964, "_2": "3200|32"}
{"_time": "2018-07-24 20:10:37Eastern Daylight Time", "type": "building-toon", "sender": "AIR:401000000", "_1": 401002970, "_2": "3200|35"}
{"_time": "2018-07-24 20:10:37Eastern Daylight Time", "type": "building-toon", "sender": "AIR:401000000", "_1": 401002976, "_2": "3200|13"}
{"_time": "2018-07-24 20:10:37Eastern Daylight Time", "type": "building-toon", "sender": "AIR:401000000", "_1": 401002982, "_2": "3200|28"}
{"_time": "2018-07-24 20:10:37Eastern Daylight Time", "type": "building-toon", "sender": "AIR:401000000", "_1": 401002988, "_2": "3200|17"}
{"_time": "2018-07-24 20:10:37Eastern Daylight Time", "type": "building-toon", "sender": "AIR:401000000", "_1": 401003002, "_2": "3300|10"}
{"_time": "2018-07-24 20:10:37Eastern Daylight Time", "type": "building-toon", "sender": "AIR:401000000", "_1": 401003008, "_2": "3300|6"}
{"_time": "2018-07-24 20:10:37Eastern Daylight Time", "type": "building-toon", "sender": "AIR:401000000", "_1": 401003014, "_2": "3300|30"}
{"_time": "2018-07-24 20:10:37Eastern Daylight Time", "type": "building-toon", "sender": "AIR:401000000", "_1": 401003020, "_2": "3300|28"}
{"_time": "2018-07-24 20:10:37Eastern Daylight Time", "type": "building-toon", "sender": "AIR:401000000", "_1": 401003026, "_2": "3300|12"}
{"_time": "2018-07-24 20:10:37Eastern Daylight Time", "type": "building-toon", "sender": "AIR:401000000", "_1": 401003032, "_2": "3300|21"}
{"_time": "2018-07-24 20:10:37Eastern Daylight Time", "type": "building-toon", "sender": "AIR:401000000", "_1": 401003038, "_2": "3300|15"}
{"_time": "2018-07-24 20:10:37Eastern Daylight Time", "type": "building-toon", "sender": "AIR:401000000", "_1": 401003044, "_2": "3300|26"}
{"_time": "2018-07-24 20:10:37Eastern Daylight Time", "type": "building-toon", "sender": "AIR:401000000", "_1": 401003050, "_2": "3300|23"}
{"_time": "2018-07-24 20:10:37Eastern Daylight Time", "type": "building-toon", "sender": "AIR:401000000", "_1": 401003056, "_2": "3300|29"}
{"_time": "2018-07-24 20:10:37Eastern Daylight Time", "type": "building-toon", "sender": "AIR:401000000", "_1": 401003062, "_2": "3300|13"}
{"_time": "2018-07-24 20:10:37Eastern Daylight Time", "type": "building-toon", "sender": "AIR:401000000", "_1": 401003068, "_2": "3300|16"}
{"_time": "2018-07-24 20:10:37Eastern Daylight Time", "type": "building-toon", "sender": "AIR:401000000", "_1": 401003074, "_2": "3300|8"}
{"_time": "2018-07-24 20:10:37Eastern Daylight Time", "type": "building-toon", "sender": "AIR:401000000", "_1": 401003080, "_2": "3300|25"}
{"_time": "2018-07-24 20:10:37Eastern Daylight Time", "type": "building-toon", "sender": "AIR:401000000", "_1": 401003086, "_2": "3300|14"}
{"_time": "2018-07-24 20:10:37Eastern Daylight Time", "type": "building-toon", "sender": "AIR:401000000", "_1": 401003092, "_2": "3300|18"}
{"_time": "2018-07-24 20:10:37Eastern Daylight Time", "type": "building-toon", "sender": "AIR:401000000", "_1": 401003098, "_2": "3300|19"}
{"_time": "2018-07-24 20:10:37Eastern Daylight Time", "type": "building-toon", "sender": "AIR:401000000", "_1": 401003104, "_2": "3300|17"}
{"_time": "2018-07-24 20:10:37Eastern Daylight Time", "type": "building-toon", "sender": "AIR:401000000", "_1": 401003110, "_2": "3300|11"}
{"_time": "2018-07-24 20:10:37Eastern Daylight Time", "type": "building-toon", "sender": "AIR:401000000", "_1": 401003116, "_2": "3300|9"}
{"_time": "2018-07-24 20:10:37Eastern Daylight Time", "type": "building-toon", "sender": "AIR:401000000", "_1": 401003122, "_2": "3300|27"}
{"_time": "2018-07-24 20:10:37Eastern Daylight Time", "type": "building-toon", "sender": "AIR:401000000", "_1": 401003128, "_2": "3300|20"}
{"_time": "2018-07-24 20:10:37Eastern Daylight Time", "type": "building-toon", "sender": "AIR:401000000", "_1": 401003134, "_2": "3300|24"}
{"_time": "2018-07-24 20:10:37Eastern Daylight Time", "type": "building-toon", "sender": "AIR:401000000", "_1": 401003140, "_2": "3300|7"}
{"_time": "2018-07-24 20:10:37Eastern Daylight Time", "type": "building-toon", "sender": "AIR:401000000", "_1": 401003196, "_2": "9000|1"}
{"_time": "2018-07-24 20:10:37Eastern Daylight Time", "type": "building-toon", "sender": "AIR:401000000", "_1": 401003202, "_2": "9000|3"}
{"_time": "2018-07-24 20:10:37Eastern Daylight Time", "type": "building-toon", "sender": "AIR:401000000", "_1": 401003208, "_2": "9000|6"}
{"_time": "2018-07-24 20:10:37Eastern Daylight Time", "type": "building-toon", "sender": "AIR:401000000", "_1": 401003234, "_2": "9100|1"}
{"_time": "2018-07-24 20:10:37Eastern Daylight Time", "type": "building-toon", "sender": "AIR:401000000", "_1": 401003240, "_2": "9100|2"}
{"_time": "2018-07-24 20:10:37Eastern Daylight Time", "type": "building-toon", "sender": "AIR:401000000", "_1": 401003246, "_2": "9100|4"}
{"_time": "2018-07-24 20:10:37Eastern Daylight Time", "type": "building-toon", "sender": "AIR:401000000", "_1": 401003252, "_2": "9100|5"}
{"_time": "2018-07-24 20:10:37Eastern Daylight Time", "type": "building-toon", "sender": "AIR:401000000", "_1": 401003258, "_2": "9100|7"}
{"_time": "2018-07-24 20:10:37Eastern Daylight Time", "type": "building-toon", "sender": "AIR:401000000", "_1": 401003264, "_2": "9100|8"}
{"_time": "2018-07-24 20:10:37Eastern Daylight Time", "type": "building-toon", "sender": "AIR:401000000", "_1": 401003270, "_2": "9100|9"}
{"_time": "2018-07-24 20:10:37Eastern Daylight Time", "type": "building-toon", "sender": "AIR:401000000", "_1": 401003276, "_2": "9100|13"}
{"_time": "2018-07-24 20:10:37Eastern Daylight Time", "type": "building-toon", "sender": "AIR:401000000", "_1": 401003281, "_2": "9100|16"}
{"_time": "2018-07-24 20:10:37Eastern Daylight Time", "type": "building-toon", "sender": "AIR:401000000", "_1": 401003287, "_2": "9100|17"}
{"_time": "2018-07-24 20:10:37Eastern Daylight Time", "type": "building-toon", "sender": "AIR:401000000", "_1": 401003293, "_2": "9100|19"}
{"_time": "2018-07-24 20:10:37Eastern Daylight Time", "type": "building-toon", "sender": "AIR:401000000", "_1": 401003299, "_2": "9100|20"}
{"_time": "2018-07-24 20:10:37Eastern Daylight Time", "type": "building-toon", "sender": "AIR:401000000", "_1": 401003305, "_2": "9100|22"}
{"_time": "2018-07-24 20:10:37Eastern Daylight Time", "type": "building-toon", "sender": "AIR:401000000", "_1": 401003311, "_2": "9100|25"}
{"_time": "2018-07-24 20:10:37Eastern Daylight Time", "type": "building-toon", "sender": "AIR:401000000", "_1": 401003317, "_2": "9100|26"}
{"_time": "2018-07-24 20:10:37Eastern Daylight Time", "type": "building-toon", "sender": "AIR:401000000", "_1": 401003323, "_2": "9100|27"}
{"_time": "2018-07-24 20:10:37Eastern Daylight Time", "type": "building-toon", "sender": "AIR:401000000", "_1": 401003329, "_2": "9100|28"}
{"_time": "2018-07-24 20:10:37Eastern Daylight Time", "type": "building-toon", "sender": "AIR:401000000", "_1": 401003335, "_2": "9100|29"}
{"_time": "2018-07-24 20:10:37Eastern Daylight Time", "type": "building-toon", "sender": "AIR:401000000", "_1": 401003341, "_2": "9100|30"}
{"_time": "2018-07-24 20:10:37Eastern Daylight Time", "type": "building-toon", "sender": "AIR:401000000", "_1": 401003347, "_2": "9100|33"}
{"_time": "2018-07-24 20:10:37Eastern Daylight Time", "type": "building-toon", "sender": "AIR:401000000", "_1": 401003352, "_2": "9100|36"}
{"_time": "2018-07-24 20:10:37Eastern Daylight Time", "type": "building-toon", "sender": "AIR:401000000", "_1": 401003358, "_2": "9100|34"}
{"_time": "2018-07-24 20:10:37Eastern Daylight Time", "type": "building-toon", "sender": "AIR:401000000", "_1": 401003364, "_2": "9100|40"}
{"_time": "2018-07-24 20:10:37Eastern Daylight Time", "type": "building-toon", "sender": "AIR:401000000", "_1": 401003370, "_2": "9100|39"}
{"_time": "2018-07-24 20:10:37Eastern Daylight Time", "type": "building-toon", "sender": "AIR:401000000", "_1": 401003376, "_2": "9100|42"}
{"_time": "2018-07-24 20:10:37Eastern Daylight Time", "type": "building-toon", "sender": "AIR:401000000", "_1": 401003382, "_2": "9100|43"}
{"_time": "2018-07-24 20:10:37Eastern Daylight Time", "type": "building-toon", "sender": "AIR:401000000", "_1": 401003388, "_2": "9100|44"}
{"_time": "2018-07-24 20:10:37Eastern Daylight Time", "type": "building-toon", "sender": "AIR:401000000", "_1": 401003394, "_2": "9100|45"}
{"_time": "2018-07-24 20:10:37Eastern Daylight Time", "type": "building-toon", "sender": "AIR:401000000", "_1": 401003400, "_2": "9100|47"}
{"_time": "2018-07-24 20:10:37Eastern Daylight Time", "type": "building-toon", "sender": "AIR:401000000", "_1": 401003406, "_2": "9100|49"}
{"_time": "2018-07-24 20:10:37Eastern Daylight Time", "type": "building-toon", "sender": "AIR:401000000", "_1": 401003412, "_2": "9100|50"}
{"_time": "2018-07-24 20:10:37Eastern Daylight Time", "type": "building-toon", "sender": "AIR:401000000", "_1": 401003418, "_2": "9100|51"}
{"_time": "2018-07-24 20:10:37Eastern Daylight Time", "type": "building-toon", "sender": "AIR:401000000", "_1": 401003424, "_2": "9100|31"}
{"_time": "2018-07-24 20:10:37Eastern Daylight Time", "type": "building-toon", "sender": "AIR:401000000", "_1": 401003439, "_2": "9200|52"}
{"_time": "2018-07-24 20:10:37Eastern Daylight Time", "type": "building-toon", "sender": "AIR:401000000", "_1": 401003445, "_2": "9200|3"}
{"_time": "2018-07-24 20:10:37Eastern Daylight Time", "type": "building-toon", "sender": "AIR:401000000", "_1": 401003451, "_2": "9200|41"}
{"_time": "2018-07-24 20:10:37Eastern Daylight Time", "type": "building-toon", "sender": "AIR:401000000", "_1": 401003457, "_2": "9200|4"}
{"_time": "2018-07-24 20:10:37Eastern Daylight Time", "type": "building-toon", "sender": "AIR:401000000", "_1": 401003463, "_2": "9200|36"}
{"_time": "2018-07-24 20:10:37Eastern Daylight Time", "type": "building-toon", "sender": "AIR:401000000", "_1": 401003469, "_2": "9200|27"}
{"_time": "2018-07-24 20:10:37Eastern Daylight Time", "type": "building-toon", "sender": "AIR:401000000", "_1": 401003475, "_2": "9200|9"}
{"_time": "2018-07-24 20:10:37Eastern Daylight Time", "type": "building-toon", "sender": "AIR:401000000", "_1": 401003481, "_2": "9200|5"}
{"_time": "2018-07-24 20:10:37Eastern Daylight Time", "type": "building-toon", "sender": "AIR:401000000", "_1": 401003487, "_2": "9200|6"}
{"_time": "2018-07-24 20:10:37Eastern Daylight Time", "type": "building-toon", "sender": "AIR:401000000", "_1": 401003493, "_2": "9200|55"}
{"_time": "2018-07-24 20:10:37Eastern Daylight Time", "type": "building-toon", "sender": "AIR:401000000", "_1": 401003498, "_2": "9200|40"}
{"_time": "2018-07-24 20:10:37Eastern Daylight Time", "type": "building-toon", "sender": "AIR:401000000", "_1": 401003504, "_2": "9200|7"}
{"_time": "2018-07-24 20:10:37Eastern Daylight Time", "type": "building-toon", "sender": "AIR:401000000", "_1": 401003510, "_2": "9200|53"}
{"_time": "2018-07-24 20:10:37Eastern Daylight Time", "type": "building-toon", "sender": "AIR:401000000", "_1": 401003516, "_2": "9200|11"}
{"_time": "2018-07-24 20:10:37Eastern Daylight Time", "type": "building-toon", "sender": "AIR:401000000", "_1": 401003522, "_2": "9200|10"}
{"_time": "2018-07-24 20:10:37Eastern Daylight Time", "type": "building-toon", "sender": "AIR:401000000", "_1": 401003528, "_2": "9200|44"}
{"_time": "2018-07-24 20:10:37Eastern Daylight Time", "type": "building-toon", "sender": "AIR:401000000", "_1": 401003534, "_2": "9200|25"}
{"_time": "2018-07-24 20:10:37Eastern Daylight Time", "type": "building-toon", "sender": "AIR:401000000", "_1": 401003540, "_2": "9200|13"}
{"_time": "2018-07-24 20:10:37Eastern Daylight Time", "type": "building-toon", "sender": "AIR:401000000", "_1": 401003546, "_2": "9200|37"}
{"_time": "2018-07-24 20:10:37Eastern Daylight Time", "type": "building-toon", "sender": "AIR:401000000", "_1": 401003552, "_2": "9200|12"}
{"_time": "2018-07-24 20:10:37Eastern Daylight Time", "type": "building-toon", "sender": "AIR:401000000", "_1": 401003558, "_2": "9200|16"}
{"_time": "2018-07-24 20:10:37Eastern Daylight Time", "type": "building-toon", "sender": "AIR:401000000", "_1": 401003564, "_2": "9200|38"}
{"_time": "2018-07-24 20:10:37Eastern Daylight Time", "type": "building-toon", "sender": "AIR:401000000", "_1": 401003570, "_2": "9200|54"}
{"_time": "2018-07-24 20:10:37Eastern Daylight Time", "type": "building-toon", "sender": "AIR:401000000", "_1": 401003576, "_2": "9200|14"}
{"_time": "2018-07-24 20:10:37Eastern Daylight Time", "type": "building-toon", "sender": "AIR:401000000", "_1": 401003582, "_2": "9200|59"}
{"_time": "2018-07-24 20:10:37Eastern Daylight Time", "type": "building-toon", "sender": "AIR:401000000", "_1": 401003588, "_2": "9200|17"}
{"_time": "2018-07-24 20:10:37Eastern Daylight Time", "type": "building-toon", "sender": "AIR:401000000", "_1": 401003594, "_2": "9200|18"}
{"_time": "2018-07-24 20:10:37Eastern Daylight Time", "type": "building-toon", "sender": "AIR:401000000", "_1": 401003600, "_2": "9200|15"}
{"_time": "2018-07-24 20:10:37Eastern Daylight Time", "type": "building-toon", "sender": "AIR:401000000", "_1": 401003606, "_2": "9200|21"}
{"_time": "2018-07-24 20:10:37Eastern Daylight Time", "type": "building-toon", "sender": "AIR:401000000", "_1": 401003612, "_2": "9200|20"}
{"_time": "2018-07-24 20:10:37Eastern Daylight Time", "type": "building-toon", "sender": "AIR:401000000", "_1": 401003618, "_2": "9200|8"}
{"_time": "2018-07-24 20:10:37Eastern Daylight Time", "type": "building-toon", "sender": "AIR:401000000", "_1": 401003624, "_2": "9200|19"}
{"_time": "2018-07-24 20:10:37Eastern Daylight Time", "type": "building-toon", "sender": "AIR:401000000", "_1": 401003630, "_2": "9200|22"}
{"_time": "2018-07-24 20:10:37Eastern Daylight Time", "type": "building-toon", "sender": "AIR:401000000", "_1": 401003645, "_2": "9300|26"}
{"_time": "2018-07-24 20:10:37Eastern Daylight Time", "type": "building-toon", "sender": "AIR:401000000", "_1": 401003651, "_2": "9300|2"}
{"_time": "2018-07-24 20:10:37Eastern Daylight Time", "type": "building-toon", "sender": "AIR:401000000", "_1": 401003657, "_2": "9300|4"}
{"_time": "2018-07-24 20:10:37Eastern Daylight Time", "type": "building-toon", "sender": "AIR:401000000", "_1": 401003663, "_2": "9300|6"}
{"_time": "2018-07-24 20:10:37Eastern Daylight Time", "type": "building-toon", "sender": "AIR:401000000", "_1": 401003669, "_2": "9300|8"}
{"_time": "2018-07-24 20:10:37Eastern Daylight Time", "type": "building-toon", "sender": "AIR:401000000", "_1": 401003675, "_2": "9300|20"}
{"_time": "2018-07-24 20:10:37Eastern Daylight Time", "type": "building-toon", "sender": "AIR:401000000", "_1": 401003681, "_2": "9300|9"}
{"_time": "2018-07-24 20:10:37Eastern Daylight Time", "type": "building-toon", "sender": "AIR:401000000", "_1": 401003687, "_2": "9300|27"}
{"_time": "2018-07-24 20:10:37Eastern Daylight Time", "type": "building-toon", "sender": "AIR:401000000", "_1": 401003693, "_2": "9300|12"}
{"_time": "2018-07-24 20:10:37Eastern Daylight Time", "type": "building-toon", "sender": "AIR:401000000", "_1": 401003699, "_2": "9300|13"}
{"_time": "2018-07-24 20:10:37Eastern Daylight Time", "type": "building-toon", "sender": "AIR:401000000", "_1": 401003705, "_2": "9300|14"}
{"_time": "2018-07-24 20:10:37Eastern Daylight Time", "type": "building-toon", "sender": "AIR:401000000", "_1": 401003711, "_2": "9300|15"}
{"_time": "2018-07-24 20:10:37Eastern Daylight Time", "type": "building-toon", "sender": "AIR:401000000", "_1": 401003717, "_2": "9300|16"}
{"_time": "2018-07-24 20:10:37Eastern Daylight Time", "type": "building-toon", "sender": "AIR:401000000", "_1": 401003723, "_2": "9300|17"}
{"_time": "2018-07-24 20:10:37Eastern Daylight Time", "type": "building-toon", "sender": "AIR:401000000", "_1": 401003729, "_2": "9300|19"}
{"_time": "2018-07-24 20:10:37Eastern Daylight Time", "type": "building-toon", "sender": "AIR:401000000", "_1": 401003735, "_2": "9300|21"}
{"_time": "2018-07-24 20:10:37Eastern Daylight Time", "type": "building-toon", "sender": "AIR:401000000", "_1": 401003741, "_2": "9300|22"}
{"_time": "2018-07-24 20:10:37Eastern Daylight Time", "type": "building-toon", "sender": "AIR:401000000", "_1": 401003747, "_2": "9300|28"}
{"_time": "2018-07-24 20:10:37Eastern Daylight Time", "type": "building-toon", "sender": "AIR:401000000", "_1": 401003753, "_2": "9300|24"}
{"_time": "2018-07-24 20:10:48Eastern Daylight Time", "type": "building-cog", "sender": "AIR:401000000", "_1": 401001006, "_2": "1200|12|s|3"}
{"_time": "2018-07-24 20:10:48Eastern Daylight Time", "type": "building-cog", "sender": "AIR:401000000", "_1": 401000925, "_2": "1100|22|c|3"}
{"_time": "2018-07-24 20:10:48Eastern Daylight Time", "type": "avatarExit", "sender": "AIR:401000000", "_1": 401001007, "_2": ""}
{"_time": "2018-07-24 20:10:48Eastern Daylight Time", "type": "avatarExit", "sender": "AIR:401000000", "_1": 401000926, "_2": ""}
{"_time": "2018-07-24 20:10:48Eastern Daylight Time", "type": "building-cog", "sender": "AIR:401000000", "_1": 401001391, "_2": "5100|11|l|3"}
{"_time": "2018-07-24 20:10:48Eastern Daylight Time", "type": "building-cog", "sender": "AIR:401000000", "_1": 401001574, "_2": "5200|14|c|4"}
{"_time": "2018-07-24 20:10:48Eastern Daylight Time", "type": "building-cog", "sender": "AIR:401000000", "_1": 401001415, "_2": "5100|15|l|2"}
{"_time": "2018-07-24 20:10:48Eastern Daylight Time", "type": "avatarExit", "sender": "AIR:401000000", "_1": 401001392, "_2": ""}
{"_time": "2018-07-24 20:10:48Eastern Daylight Time", "type": "avatarExit", "sender": "AIR:401000000", "_1": 401001575, "_2": ""}
{"_time": "2018-07-24 20:10:48Eastern Daylight Time", "type": "avatarExit", "sender": "AIR:401000000", "_1": 401001416, "_2": ""}
{"_time": "2018-07-24 20:10:48Eastern Daylight Time", "type": "building-cog", "sender": "AIR:401000000", "_1": 401001643, "_2": "5300|33|s|4"}
{"_time": "2018-07-24 20:10:48Eastern Daylight Time", "type": "avatarExit", "sender": "AIR:401000000", "_1": 401001644, "_2": ""}
{"_time": "2018-07-24 20:10:48Eastern Daylight Time", "type": "building-cog", "sender": "AIR:401000000", "_1": 401001936, "_2": "4100|28|m|2"}
{"_time": "2018-07-24 20:10:48Eastern Daylight Time", "type": "building-cog", "sender": "AIR:401000000", "_1": 401001906, "_2": "4100|19|m|2"}
{"_time": "2018-07-24 20:10:48Eastern Daylight Time", "type": "avatarExit", "sender": "AIR:401000000", "_1": 401001937, "_2": ""}
{"_time": "2018-07-24 20:10:48Eastern Daylight Time", "type": "avatarExit", "sender": "AIR:401000000", "_1": 401001907, "_2": ""}
{"_time": "2018-07-24 20:10:48Eastern Daylight Time", "type": "building-cog", "sender": "AIR:401000000", "_1": 401002240, "_2": "4200|20|s|4"}
{"_time": "2018-07-24 20:10:48Eastern Daylight Time", "type": "building-cog", "sender": "AIR:401000000", "_1": 401002246, "_2": "4200|22|m|2"}
{"_time": "2018-07-24 20:10:49Eastern Daylight Time", "type": "avatarExit", "sender": "AIR:401000000", "_1": 401002241, "_2": ""}
{"_time": "2018-07-24 20:10:49Eastern Daylight Time", "type": "avatarExit", "sender": "AIR:401000000", "_1": 401002247, "_2": ""}
{"_time": "2018-07-24 20:10:49Eastern Daylight Time", "type": "building-cog", "sender": "AIR:401000000", "_1": 401002459, "_2": "4300|72|l|2"}
{"_time": "2018-07-24 20:10:49Eastern Daylight Time", "type": "building-cog", "sender": "AIR:401000000", "_1": 401002494, "_2": "4300|44|l|2"}
{"_time": "2018-07-24 20:10:49Eastern Daylight Time", "type": "building-cog", "sender": "AIR:401000000", "_1": 401002331, "_2": "4300|27|l|3"}
{"_time": "2018-07-24 20:10:49Eastern Daylight Time", "type": "avatarExit", "sender": "AIR:401000000", "_1": 401002460, "_2": ""}
{"_time": "2018-07-24 20:10:49Eastern Daylight Time", "type": "avatarExit", "sender": "AIR:401000000", "_1": 401002495, "_2": ""}
{"_time": "2018-07-24 20:10:49Eastern Daylight Time", "type": "avatarExit", "sender": "AIR:401000000", "_1": 401002332, "_2": ""}
{"_time": "2018-07-24 20:10:49Eastern Daylight Time", "type": "building-cog", "sender": "AIR:401000000", "_1": 401002754, "_2": "3100|49|c|4"}
{"_time": "2018-07-24 20:10:49Eastern Daylight Time", "type": "building-cog", "sender": "AIR:401000000", "_1": 401002730, "_2": "3100|36|c|4"}
{"_time": "2018-07-24 20:10:49Eastern Daylight Time", "type": "building-cog", "sender": "AIR:401000000", "_1": 401002742, "_2": "3100|38|l|3"}
{"_time": "2018-07-24 20:10:49Eastern Daylight Time", "type": "building-cog", "sender": "AIR:401000000", "_1": 401002629, "_2": "3100|12|c|3"}
{"_time": "2018-07-24 20:10:49Eastern Daylight Time", "type": "building-cog", "sender": "AIR:401000000", "_1": 401002712, "_2": "3100|30|c|5"}
{"_time": "2018-07-24 20:10:49Eastern Daylight Time", "type": "avatarExit", "sender": "AIR:401000000", "_1": 401002755, "_2": ""}
{"_time": "2018-07-24 20:10:49Eastern Daylight Time", "type": "avatarExit", "sender": "AIR:401000000", "_1": 401002731, "_2": ""}
{"_time": "2018-07-24 20:10:49Eastern Daylight Time", "type": "avatarExit", "sender": "AIR:401000000", "_1": 401002743, "_2": ""}
{"_time": "2018-07-24 20:10:49Eastern Daylight Time", "type": "avatarExit", "sender": "AIR:401000000", "_1": 401002630, "_2": ""}
{"_time": "2018-07-24 20:10:49Eastern Daylight Time", "type": "avatarExit", "sender": "AIR:401000000", "_1": 401002713, "_2": ""}
{"_time": "2018-07-24 20:10:49Eastern Daylight Time", "type": "building-cog", "sender": "AIR:401000000", "_1": 401002970, "_2": "3200|35|s|4"}
{"_time": "2018-07-24 20:10:49Eastern Daylight Time", "type": "building-cog", "sender": "AIR:401000000", "_1": 401002869, "_2": "3200|12|m|5"}
{"_time": "2018-07-24 20:10:49Eastern Daylight Time", "type": "building-cog", "sender": "AIR:401000000", "_1": 401002946, "_2": "3200|38|l|3"}
{"_time": "2018-07-24 20:10:49Eastern Daylight Time", "type": "building-cog", "sender": "AIR:401000000", "_1": 401002881, "_2": "3200|16|m|5"}
{"_time": "2018-07-24 20:10:49Eastern Daylight Time", "type": "building-cog", "sender": "AIR:401000000", "_1": 401003062, "_2": "3300|13|l|5"}
{"_time": "2018-07-24 20:10:49Eastern Daylight Time", "type": "building-cog", "sender": "AIR:401000000", "_1": 401003134, "_2": "3300|24|l|5"}
{"_time": "2018-07-24 20:10:49Eastern Daylight Time", "type": "building-cog", "sender": "AIR:401000000", "_1": 401003104, "_2": "3300|17|l|4"}
{"_time": "2018-07-24 20:10:49Eastern Daylight Time", "type": "avatarExit", "sender": "AIR:401000000", "_1": 401002971, "_2": ""}
{"_time": "2018-07-24 20:10:49Eastern Daylight Time", "type": "avatarExit", "sender": "AIR:401000000", "_1": 401002870, "_2": ""}
{"_time": "2018-07-24 20:10:49Eastern Daylight Time", "type": "avatarExit", "sender": "AIR:401000000", "_1": 401002947, "_2": ""}
{"_time": "2018-07-24 20:10:49Eastern Daylight Time", "type": "avatarExit", "sender": "AIR:401000000", "_1": 401002882, "_2": ""}
{"_time": "2018-07-24 20:10:49Eastern Daylight Time", "type": "avatarExit", "sender": "AIR:401000000", "_1": 401003063, "_2": ""}
{"_time": "2018-07-24 20:10:49Eastern Daylight Time", "type": "avatarExit", "sender": "AIR:401000000", "_1": 401003135, "_2": ""}
{"_time": "2018-07-24 20:10:49Eastern Daylight Time", "type": "avatarExit", "sender": "AIR:401000000", "_1": 401003105, "_2": ""}
{"_time": "2018-07-24 20:10:49Eastern Daylight Time", "type": "building-cog", "sender": "AIR:401000000", "_1": 401003382, "_2": "9100|43|l|5"}
{"_time": "2018-07-24 20:10:49Eastern Daylight Time", "type": "building-cog", "sender": "AIR:401000000", "_1": 401003347, "_2": "9100|33|s|5"}
{"_time": "2018-07-24 20:10:49Eastern Daylight Time", "type": "building-cog", "sender": "AIR:401000000", "_1": 401003311, "_2": "9100|25|m|4"}
{"_time": "2018-07-24 20:10:49Eastern Daylight Time", "type": "building-cog", "sender": "AIR:401000000", "_1": 401003406, "_2": "9100|49|c|1"}
{"_time": "2018-07-24 20:10:49Eastern Daylight Time", "type": "building-cog", "sender": "AIR:401000000", "_1": 401003305, "_2": "9100|22|s|4"}
{"_time": "2018-07-24 20:10:49Eastern Daylight Time", "type": "avatarExit", "sender": "AIR:401000000", "_1": 401003383, "_2": ""}
{"_time": "2018-07-24 20:10:49Eastern Daylight Time", "type": "avatarExit", "sender": "AIR:401000000", "_1": 401003312, "_2": ""}
{"_time": "2018-07-24 20:10:49Eastern Daylight Time", "type": "avatarExit", "sender": "AIR:401000000", "_1": 401003407, "_2": ""}
{"_time": "2018-07-24 20:10:49Eastern Daylight Time", "type": "avatarExit", "sender": "AIR:401000000", "_1": 401003306, "_2": ""}
{"_time": "2018-07-24 20:10:49Eastern Daylight Time", "type": "building-cog", "sender": "AIR:401000000", "_1": 401003606, "_2": "9200|21|m|5"}
{"_time": "2018-07-24 20:10:49Eastern Daylight Time", "type": "building-cog", "sender": "AIR:401000000", "_1": 401003582, "_2": "9200|59|m|5"}
{"_time": "2018-07-24 20:10:49Eastern Daylight Time", "type": "building-cog", "sender": "AIR:401000000", "_1": 401003469, "_2": "9200|27|m|5"}
{"_time": "2018-07-24 20:10:49Eastern Daylight Time", "type": "building-cog", "sender": "AIR:401000000", "_1": 401003594, "_2": "9200|18|m|1"}
{"_time": "2018-07-24 20:10:49Eastern Daylight Time", "type": "avatarExit", "sender": "AIR:401000000", "_1": 401003607, "_2": ""}
{"_time": "2018-07-24 20:10:49Eastern Daylight Time", "type": "avatarExit", "sender": "AIR:401000000", "_1": 401003583, "_2": ""}
{"_time": "2018-07-24 20:10:49Eastern Daylight Time", "type": "avatarExit", "sender": "AIR:401000000", "_1": 401003470, "_2": ""}
{"_time": "2018-07-24 20:10:49Eastern Daylight Time", "type": "avatarExit", "sender": "AIR:401000000", "_1": 401003595, "_2": ""}
{"_time": "2018-07-24 20:10:49Eastern Daylight Time", "type": "building-cog", "sender": "AIR:401000000", "_1": 401003693, "_2": "9300|12|l|1"}
{"_time": "2018-07-24 20:10:49Eastern Daylight Time", "type": "building-cog", "sender": "AIR:401000000", "_1": 401003741, "_2": "9300|22|l|5"}
{"_time": "2018-07-24 20:10:49Eastern Daylight Time", "type": "building-cog", "sender": "AIR:401000000", "_1": 401003747, "_2": "9300|28|l|5"}
{"_time": "2018-07-24 20:10:49Eastern Daylight Time", "type": "building-cog", "sender": "AIR:401000000", "_1": 401003729, "_2": "9300|19|l|5"}
{"_time": "2018-07-24 20:10:49Eastern Daylight Time", "type": "building-cog", "sender": "AIR:401000000", "_1": 401003657, "_2": "9300|4|l|1"}
{"_time": "2018-07-24 20:10:49Eastern Daylight Time", "type": "building-cog", "sender": "AIR:401000000", "_1": 401003735, "_2": "9300|21|l|5"}
{"_time": "2018-07-24 20:10:50Eastern Daylight Time", "type": "avatarExit", "sender": "AIR:401000000", "_1": 401003694, "_2": ""}
{"_time": "2018-07-24 20:10:50Eastern Daylight Time", "type": "avatarExit", "sender": "AIR:401000000", "_1": 401003742, "_2": ""}
{"_time": "2018-07-24 20:10:50Eastern Daylight Time", "type": "avatarExit", "sender": "AIR:401000000", "_1": 401003748, "_2": ""}
{"_time": "2018-07-24 20:10:50Eastern Daylight Time", "type": "avatarExit", "sender": "AIR:401000000", "_1": 401003730, "_2": ""}
{"_time": "2018-07-24 20:10:50Eastern Daylight Time", "type": "avatarExit", "sender": "AIR:401000000", "_1": 401003658, "_2": ""}
{"_time": "2018-07-24 20:10:50Eastern Daylight Time", "type": "avatarExit", "sender": "AIR:401000000", "_1": 401003736, "_2": ""}
{"_time": "2018-07-24 20:10:58Eastern Daylight Time", "type": "avatarChosen", "sender": "AIR:1000000", "_1": 100000015, "_2": 100000014}
{"_time": "2018-07-24 20:11:14Eastern Daylight Time", "type": "questTier", "sender": "AIR:401000000", "_1": 100000015, "_2": "1"}
{"_time": "2018-07-24 20:11:24Eastern Daylight Time", "type": "avatarExit", "sender": "AIR:401000000", "_1": 401003712, "_2": ""}
{"_time": "2018-07-24 20:11:36Eastern Daylight Time", "type": "avatarExit", "sender": "AIR:401000000", "_1": 401003389, "_2": ""}
{"_time": "2018-07-24 20:11:45Eastern Daylight Time", "type": "building-cog", "sender": "AIR:401000000", "_1": 401001177, "_2": "1300|14|c|4"}
{"_time": "2018-07-24 20:11:45Eastern Daylight Time", "type": "avatarExit", "sender": "AIR:401000000", "_1": 401001178, "_2": ""}
{"_time": "2018-07-24 20:11:50Eastern Daylight Time", "type": "building-cog", "sender": "AIR:401000000", "_1": 401003570, "_2": "9200|54|m|5"}
{"_time": "2018-07-24 20:11:50Eastern Daylight Time", "type": "avatarExit", "sender": "AIR:401000000", "_1": 401003571, "_2": ""}
{"_time": "2018-07-24 20:11:59Eastern Daylight Time", "type": "building-cog", "sender": "AIR:401000000", "_1": 401001661, "_2": "5300|15|s|3"}
{"_time": "2018-07-24 20:11:59Eastern Daylight Time", "type": "avatarExit", "sender": "AIR:401000000", "_1": 401001662, "_2": ""}
{"_time": "2018-07-24 20:12:07Eastern Daylight Time", "type": "building-cog", "sender": "AIR:401000000", "_1": 401003394, "_2": "9100|45|c|5"}
{"_time": "2018-07-24 20:12:07Eastern Daylight Time", "type": "avatarExit", "sender": "AIR:401000000", "_1": 401003395, "_2": ""}
{"_time": "2018-07-24 20:12:09Eastern Daylight Time", "type": "building-cog", "sender": "AIR:401000000", "_1": 401001679, "_2": "5300|28|m|3"}
{"_time": "2018-07-24 20:12:09Eastern Daylight Time", "type": "avatarExit", "sender": "AIR:401000000", "_1": 401001680, "_2": ""}
{"_time": "2018-07-24 20:12:16Eastern Daylight Time", "type": "avatarExit", "sender": "AIR:401000000", "_1": 401003718, "_2": ""}
{"_time": "2018-07-24 20:12:22Eastern Daylight Time", "type": "building-cog", "sender": "AIR:401000000", "_1": 401001451, "_2": "5100|20|l|2"}
{"_time": "2018-07-24 20:12:22Eastern Daylight Time", "type": "avatarExit", "sender": "AIR:401000000", "_1": 401001452, "_2": ""}
{"_time": "2018-07-24 20:12:27Eastern Daylight Time", "type": "building-cog", "sender": "AIR:401000000", "_1": 401003038, "_2": "3300|15|c|5"}
{"_time": "2018-07-24 20:12:27Eastern Daylight Time", "type": "avatarExit", "sender": "AIR:401000000", "_1": 401003039, "_2": ""}
{"_time": "2018-07-24 20:12:28Eastern Daylight Time", "type": "avatarExit", "sender": "AIR:401000000", "_1": 401001434, "_2": ""}
{"_time": "2018-07-24 20:12:28Eastern Daylight Time", "type": "avatarExit", "sender": "AIR:401000000", "_1": 401001593, "_2": ""}
{"_time": "2018-07-24 20:12:39Eastern Daylight Time", "type": "building-cog", "sender": "AIR:401000000", "_1": 401001171, "_2": "1300|11|s|3"}
{"_time": "2018-07-24 20:12:39Eastern Daylight Time", "type": "avatarExit", "sender": "AIR:401000000", "_1": 401001172, "_2": ""}
{"_time": "2018-07-24 20:12:41Eastern Daylight Time", "type": "building-cog", "sender": "AIR:401000000", "_1": 401002157, "_2": "4200|37|m|2"}
{"_time": "2018-07-24 20:12:41Eastern Daylight Time", "type": "avatarExit", "sender": "AIR:401000000", "_1": 401002158, "_2": ""}
{"_time": "2018-07-24 20:12:57Eastern Daylight Time", "type": "building-cog", "sender": "AIR:401000000", "_1": 401000952, "_2": "1200|25|m|4"}
{"_time": "2018-07-24 20:12:57Eastern Daylight Time", "type": "avatarExit", "sender": "AIR:401000000", "_1": 401000953, "_2": ""}
{"_time": "2018-07-24 20:13:00Eastern Daylight Time", "type": "building-cog", "sender": "AIR:401000000", "_1": 401003044, "_2": "3300|26|c|5"}
{"_time": "2018-07-24 20:13:00Eastern Daylight Time", "type": "avatarExit", "sender": "AIR:401000000", "_1": 401003045, "_2": ""}
{"_time": "2018-07-24 20:13:10Eastern Daylight Time", "type": "building-cog", "sender": "AIR:401000000", "_1": 401002401, "_2": "4300|40|c|2"}
{"_time": "2018-07-24 20:13:10Eastern Daylight Time", "type": "avatarExit", "sender": "AIR:401000000", "_1": 401002402, "_2": ""}
{"_time": "2018-07-24 20:13:20Eastern Daylight Time", "type": "client-disconnected", "sender": "Client:1000000000"}
{"_time": "2018-07-24 20:13:20Eastern Daylight Time", "type": "avatarExit", "sender": "AIR:401000000", "_1": 100000015, "_2": ""}
{"_time": "2018-07-24 20:13:20Eastern Daylight Time", "type": "building-cog", "sender": "AIR:401000000", "_1": 401001490, "_2": "5200|25|s|3"}
{"_time": "2018-07-24 20:13:21Eastern Daylight Time", "type": "avatarExit", "sender": "AIR:401000000", "_1": 401001491, "_2": ""}
